  - 111
, - 011010
- - 0110110
. - 011100
A - 0110111
E - 0111010
L - 0111011
T - 0111100
a - 10000
b - 0111101
d - 011111
e - 1011
f - 00000
g - 100010
h - 00001
i - 1001
l - 100011
m - 00010
n - 1010
o - 010
p - 00011
q - 1100000
r - 1101
s - 11001
t - 001
u - 1100001
v - 1100010
w - 1100011
y - 01100
-
119
112
218
224
212
46
203
201
189
126
12
107
199
56
175
129
111
41
248
49
174
20
59
224
91
202
18
221
88
220
239
3
126
68
53
166
20
121
12
212
94
115
233
30
87
201
67
248
48
222
76
170
154
137
206
219
183
141
237
233
238
166
178
110
104
6
