  - 00
, - 0111101
- - 1100100
. - 011000
: - 11001010
A - 11001011
D - 11001100
I - 11001101
L - 11001110
O - 11001111
T - 11010000
a - 010
d - 11110
e - 1011
f - 01101
g - 110101
h - 011001
i - 1001
j - 11010001
k - 1101001
l - 11000
m - 01110
n - 1010
o - 110110
p - 111110
r - 11100
s - 1000
t - 11101
u - 110111
v - 0111100
w - 011111
y - 111111
-
207
199
134
242
110
189
7
202
32
79
175
222
149
111
141
228
221
122
5
247
214
184
193
155
210
96
209
222
58
98
116
217
214
108
242
254
24
50
232
219
30
60
191
62
81
23
15
68
85
190
121
126
46
114
94
92
48
104
51
100
187
237
185
213
93
58
204
214
164
193
221
135
45
54
79
71
90
169
173
91
190
50
132
58
213
77
106
221
240
55
147
117
227
33
183
4
58
213
77
106
221
240
121
126
100
51
22
20
153
201
200
6
