  - 111
' - 101000
, - 10101001
- - 0110000
. - 011001
A - 01100010
D - 0110100
J - 01100011
S - 01101010
Y - 01101011
a - 01110
b - 1010010
c - 1010011
d - 00100
e - 000
f - 011011
g - 011110
h - 10011
i - 1011
k - 10101000
l - 10010
m - 101011
n - 1000
o - 010
p - 110000
r - 11001
s - 0011
t - 1101
u - 00101
v - 011111
w - 110001
y - 1010101
-
107
69
207
219
172
123
63
43
174
244
18
167
154
228
81
70
252
92
122
61
239
149
191
112
247
53
88
80
56
145
138
15
202
219
12
246
138
40
223
72
125
203
176
192
19
210
171
200
158
173
221
135
198
119
78
126
207
202
223
184
123
227
123
63
179
31
32
203
45
62
155
235
102
51
240
11
9
10
15
236
238
42
46
30
103
180
81
70
249
13
251
49
225
89
142
155
235
102
50
116
117
133
197
168
62
76
172
99
162
239
170
139
158
177
143
113
3
61
245
116
195
61
138
9
235
71
190
235
193
103
93
27
83
230
231
199
217
143
77
23
46
120
125
93
181
41
44
125
84
92
249
135
103
123
160
158
227
75
123
106
25
236
59
86
135
199
99
84
140
6
