201
100
123 16 15 14 13 12 12 12 11 11 11 11 10 10 10 10 10 10 10 9 9 9 9 9 9 9 8 8 8 8 8 8 8 7 7 7 7 7 7 6 6 6 6 6 6 6 6 6 6 6 6 6 6 5 5 5 5 5 5 5 5 5 5 5 
178
106
106
210
89
84
82
140
44
184
75
75
78
93
113
123
33
102
160
71
128
104
19
99
118
192
105
0
141
148
174
151
146
73
133
84
161
137
188
199
131
124
144
152
72
214
157
120
129
160
101
118
3
70
119
65
155
79
146
161
132
140
137
114
85
104
83
145
70
162
79
102
161
80
113
38
38
227
151
85
153
171
119
0
74
151
165
226
207
149
172
118
106
61
132
178
163
142
174
167
160
173
178
0
110
153
157
96
89
160
97
60
140
149
70
182
137
79
66
120
204
95
114
107
9
142
203
87
184
142
172
184
170
80
180
99
72
193
109
141
82
130
168
145
117
180
120
182
190
158
133
81
159
114
131
152
227
172
124
215
122
107
92
113
103
116
93
112
59
86
213
98
75
178
185
82
128
133
135
132
14
74
104
132
57
54
49
38
102
191
88
44
125
69
86
51
145
54
36
156
254
