rnbqkbnr/pppppppp/8/8/8/8/PPPPPPPP/RNBQKBNR w KQkq - 0 1
rnbqkbnr/pppppppp/8/8/8/2N5/PPPPPPPP/R1BQKBNR b KQkq - 1 1
rnbqkbnr/pppp1ppp/8/4p3/8/2N5/PPPPPPPP/R1BQKBNR w KQkq e6 0 2
rnbqkbnr/pppp1ppp/8/4p3/8/2N2N2/PPPPPPPP/R1BQKB1R b KQkq - 1 2
rnbqkbnr/pppp1ppp/8/8/4p3/2N2N2/PPPPPPPP/R1BQKB1R w KQkq - 0 3
rnbqkbnr/pppp1ppp/8/8/4p3/2N2NP1/PPPPPP1P/R1BQKB1R b KQkq - 0 3
rnbqkbnr/ppp2ppp/8/3p4/4p3/2N2NP1/PPPPPP1P/R1BQKB1R w KQkq d6 0 4
rnbqkbnr/ppp2ppp/8/3p4/4p3/2N2NP1/PPPPPPBP/R1BQK2R b KQkq - 1 4
rnbqkbnr/ppp2ppp/8/8/3pp3/2N2NP1/PPPPPPBP/R1BQK2R w KQkq - 0 5
rnbqkbnr/ppp2ppp/8/8/3pp3/2N2NP1/PPPPPPBP/R1BQ1RK1 b kq - 1 5
rnbqkbnr/ppp2ppp/8/8/4p3/2p2NP1/PPPPPPBP/R1BQ1RK1 w kq - 0 6
rnbqkbnr/ppp2ppp/8/8/4p3/1Pp2NP1/P1PPPPBP/R1BQ1RK1 b kq - 0 6
rnbqkbnr/ppp2ppp/8/8/4p3/1P3NP1/P1PpPPBP/R1BQ1RK1 w kq - 0 7
Movimento invalido. Tente novamente
rnbqkbnr/ppp2ppp/8/8/4p3/1P3NP1/PBPpPPBP/R2Q1RK1 b kq - 1 7
rnbqkbnr/ppp2ppp/8/8/8/1P3pP1/PBPpPPBP/R2Q1RK1 w kq - 0 8
Movimento invalido. Tente novamente
Movimento invalido. Tente novamente
Movimento invalido. Tente novamente
Movimento invalido. Tente novamente
Movimento invalido. Tente novamente
Movimento invalido. Tente novamente
rnbqkbnr/ppp2ppp/8/8/8/1P3pP1/PBPpPPBP/R2Q1R1K b kq - 1 8
rnbqkbnr/ppp2ppp/8/8/8/1P4P1/PBPpPPpP/R2Q1R1K w kq - 0 9
rnbqkbnr/ppp2pBp/8/8/8/1P4P1/P1PpPPpP/R2Q1R1K b kq - 0 9
rnbqk1nr/ppp2pbp/8/8/8/1P4P1/P1PpPPpP/R2Q1R1K w kq - 0 10
Movimento invalido. Tente novamente
Movimento invalido. Tente novamente
rnbqk1nr/ppp2pbp/8/8/P7/1P4P1/2PpPPpP/R2Q1R1K b kq a3 0 10
rnbqk1nr/ppp2p1p/8/8/P7/1P4P1/2PpPPpP/b2Q1R1K w kq - 0 11
rnbqk1nr/ppp2p1p/8/8/PP6/6P1/2PpPPpP/b2Q1R1K b kq - 0 11
rnbqk1nr/ppp2p1p/8/8/PP1b4/6P1/2PpPPpP/3Q1R1K w kq - 1 12
rnbqk1nr/ppp2p1p/8/1P6/P2b4/6P1/2PpPPpP/3Q1R1K b kq - 0 12
rnbqk1nr/ppp2p1p/8/1P6/P7/6P1/2PpPbpP/3Q1R1K w kq - 0 13
Movimento invalido. Tente novamente
Movimento invalido. Tente novamente
rnbqk1nr/ppp2p1p/8/1P6/P5P1/8/2PpPbpP/3Q1R1K b kq - 0 13
rn1qk1nr/ppp2p1p/8/1P6/P5b1/8/2PpPbpP/3Q1R1K w kq - 0 14
Movimento invalido. Tente novamente
Movimento invalido. Tente novamente
rn1qk1nr/ppp2p1p/8/1P6/P5b1/8/2PpPbpP/3Q1RK1 b kq - 1 14
rn1qk1nr/ppp2p1p/8/1P6/P5b1/8/2PpP1pP/3Q1Rb1 w kq - 0 15
Movimento invalido. Tente novamente
Movimento invalido. Tente novamente
Movimento invalido. Tente novamente
rn1qk1nr/ppp2p1p/8/1P6/P5b1/8/2PpP1pP/2Q2Rb1 b kq - 1 15
rn1qk1nr/ppp2p1p/8/1P6/P2b2b1/8/2PpP1pP/2Q2R2 w kq - 2 16
rn1qk1nr/ppp2p1p/8/1P6/P2b2b1/8/2PQP1pP/5R2 b kq - 0 16
rn1qk1nr/ppp4p/8/1P3p2/P2b2b1/8/2PQP1pP/5R2 w kq f6 0 17
rn1qk1nr/ppp4p/8/1P3p2/P2b2b1/3Q4/2P1P1pP/5R2 b kq - 1 17
rn1qk1nr/ppp4p/8/1P3p2/P2b2b1/3Q2p1/2P1P2P/5R2 w kq - 0 18
rn1qk1nr/ppp4p/8/1P3p2/P2b2b1/4Q1p1/2P1P2P/5R2 b kq - 1 18
rn1qk1nr/ppp4p/8/1P3p2/P5b1/4b1p1/2P1P2P/5R2 w kq - 0 19
Movimento invalido. Tente novamente
Movimento invalido. Tente novamente
Movimento invalido. Tente novamente
Movimento invalido. Tente novamente
Movimento invalido. Tente novamente
Movimento invalido. Tente novamente
Movimento invalido. Tente novamente
Movimento invalido. Tente novamente
Movimento invalido. Tente novamente
rn1qk1nr/ppp4p/8/1P3p2/P5b1/2P1b1p1/4P2P/5R2 b kq - 0 19
rn1qk1nr/ppp4p/8/1P3p2/P7/2P1b1p1/4b2P/5R2 w kq - 0 20
Movimento invalido. Tente novamente
Movimento invalido. Tente novamente
Movimento invalido. Tente novamente
Movimento invalido. Tente novamente
Movimento invalido. Tente novamente
Movimento invalido. Tente novamente
Movimento invalido. Tente novamente
Movimento invalido. Tente novamente
Movimento invalido. Tente novamente
Movimento invalido. Tente novamente
Movimento invalido. Tente novamente
Movimento invalido. Tente novamente
Movimento invalido. Tente novamente
Movimento invalido. Tente novamente
Movimento invalido. Tente novamente
Movimento invalido. Tente novamente
Movimento invalido. Tente novamente
Movimento invalido. Tente novamente
Movimento invalido. Tente novamente
Movimento invalido. Tente novamente
Movimento invalido. Tente novamente
