im:
0 0 0 0 0 0 0 0 0 0 0
0 0 0 0 0 0 0 0 0 0 0
0 0 1 1 1 1 1 0 0 0 0
0 0 1 1 1 0 1 1 1 0 0
0 0 1 1 1 0 1 1 1 0 0
0 0 1 1 1 1 1 1 1 0 0
0 0 1 1 1 1 1 1 1 0 0
0 0 1 1 1 0 1 1 1 0 0
0 0 1 1 1 0 1 1 1 0 0
0 0 1 1 1 1 1 1 0 0 0
0 0 0 0 0 0 0 0 0 0 0
0 0 0 0 0 0 0 0 0 0 0
el:
0 0 0
1 1 1
0 0 0
out:
0 0 0 0 0 0 0 0 0 0 0
0 0 0 0 0 0 0 0 0 0 0
0 0 0 1 1 1 0 0 0 0 0
0 0 0 1 0 0 0 1 0 0 0
0 0 0 1 0 0 0 1 0 0 0
0 0 0 1 1 1 1 1 0 0 0
0 0 0 1 1 1 1 1 0 0 0
0 0 0 1 0 0 0 1 0 0 0
0 0 0 1 0 0 0 1 0 0 0
0 0 0 1 1 1 1 0 0 0 0
0 0 0 0 0 0 0 0 0 0 0
0 0 0 0 0 0 0 0 0 0 0
id = 3
nrows = 12
ncols = 11
bits = 000000000000000000000000011110000000100010000001000100000010001000000111110000001000100000010001000000111100000000000000000000000000
class = B
dist = 4.00
id = 4
nrows = 12
ncols = 11
bits = 000000000000000000000000011110000000110010000001100100000011111000000111110000001100100000011001000000111100000000000000000000000000
class = B
dist = 5.00
id = 2
nrows = 12
ncols = 11
bits = 000000000000000000000000001110000000110110000001000100000010001000000111110000001000100000010001000000100010000000000000000000000000
class = A
dist = 11.00
id = 1
nrows = 12
ncols = 11
bits = 000000000000000000000000001110000000111110000001101100000011011000000111110000001111100000011011000000110110000000000000000000000000
class = A
dist = 15.00
id = 2
nrows = 12
ncols = 11
bits = 000000000000000000000000001110000000110110000001000100000010001000000111110000001000100000010001000000100010000000000000000000000000
class = A
dist = 11.00
id = 3
nrows = 12
ncols = 11
bits = 000000000000000000000000011110000000100010000001000100000010001000000111110000001000100000010001000000111100000000000000000000000000
class = B
dist = 4.00
id = 4
nrows = 12
ncols = 11
bits = 000000000000000000000000011110000000110010000001100100000011111000000111110000001100100000011001000000111100000000000000000000000000
class = B
dist = 5.00
