im:
0 0 0
0 1 0
0 0 0
el:
0 0 0
0 1 0
0 0 0
out:
0 0 0
0 1 0
0 0 0
id = 2
nrows = 3
ncols = 3
bits = 000000000
class = z
dist = 1.00
id = 1
nrows = 3
ncols = 3
bits = 010111010
class = c
dist = 4.00
id = 3
nrows = 3
ncols = 3
bits = 101111111
class = u
dist = 7.00
id = 1
nrows = 3
ncols = 3
bits = 010111010
class = c
dist = 4.00
id = 2
nrows = 3
ncols = 3
bits = 000000000
class = z
dist = 1.00
id = 3
nrows = 3
ncols = 3
bits = 101111111
class = u
dist = 7.00
id = 4
nrows = 3
ncols = 3
bits = 111101111
class = o
dist = 9.00
id = 5
nrows = 3
ncols = 3
bits = 111111111
class = n
dist = 8.00
