rnbqkbnr/pppppppp/8/8/8/8/PPPPPPPP/RNBQKBNR w KQkq - 0 1
rnbqkbnr/pppppppp/8/8/4P3/8/PPPP1PPP/RNBQKBNR b KQkq e3 0 1
rnbqkbnr/pppp1ppp/8/4p3/4P3/8/PPPP1PPP/RNBQKBNR w KQkq e6 0 2
rnbqkbnr/pppp1ppp/8/4p3/3PP3/8/PPP2PPP/RNBQKBNR b KQkq d3 0 2
rnbqk1nr/pppp1ppp/8/4p3/1b1PP3/8/PPP2PPP/RNBQKBNR w KQkq - 1 3
rnbqk1nr/pppp1ppp/8/4p3/1b1PP3/2P5/PP3PPP/RNBQKBNR b KQkq - 0 3
rnbqk1nr/pppp1ppp/8/4p3/3PP3/2b5/PP3PPP/RNBQKBNR w KQkq - 0 4
rnbqk1nr/pppp1ppp/8/4p3/3PP3/2P5/P4PPP/RNBQKBNR b KQkq - 0 4
rnbqk1nr/ppp2ppp/8/3pp3/3PP3/2P5/P4PPP/RNBQKBNR w KQkq d6 0 5
rnbqk1nr/ppp2ppp/8/3Pp3/3P4/2P5/P4PPP/RNBQKBNR b KQkq - 0 5
rn1qk1nr/ppp2ppp/8/3Pp3/3P2b1/2P5/P4PPP/RNBQKBNR w KQkq - 1 6
rn1qk1nr/ppp2ppp/8/3Pp3/3P2Q1/2P5/P4PPP/RNB1KBNR b KQkq - 0 6
rn1qk1nr/ppp2p1p/8/3Pp1p1/3P2Q1/2P5/P4PPP/RNB1KBNR w KQkq g6 0 7
rn1qk1nr/ppp2p1p/8/3PP1p1/6Q1/2P5/P4PPP/RNB1KBNR b KQkq - 0 7
rn1qk1nr/ppp4p/8/3PPpp1/6Q1/2P5/P4PPP/RNB1KBNR w KQkq f6 0 8
rn1qk1nr/ppp4p/8/3PPQp1/8/2P5/P4PPP/RNB1KBNR b KQkq - 0 8
rn1qk2r/ppp4p/7n/3PPQp1/8/2P5/P4PPP/RNB1KBNR w KQkq - 1 9
rn1qk2r/ppp4p/7n/3PPQp1/2P5/8/P4PPP/RNB1KBNR b KQkq - 0 9
rn1qk2r/ppp4p/8/3PPnp1/2P5/8/P4PPP/RNB1KBNR w KQkq - 0 10
rn1qk2r/ppp4p/8/3PPnp1/2P5/B7/P4PPP/RN2KBNR b KQkq - 1 10
rn1qk2r/pp5p/8/2pPPnp1/2P5/B7/P4PPP/RN2KBNR w KQkq c6 0 11
rn1qk2r/pp5p/8/2BPPnp1/2P5/8/P4PPP/RN2KBNR b KQkq - 0 11
rn2k2r/pp5p/8/q1BPPnp1/2P5/8/P4PPP/RN2KBNR w KQkq - 1 12
rn2k2r/pp5p/8/q1BPPnp1/2P5/8/P2N1PPP/R3KBNR b KQkq - 2 12
rn2k2r/pp5p/8/2BPPnp1/2P5/8/P2q1PPP/R3KBNR w KQkq - 0 13
rn2k2r/pp5p/8/2BPPnp1/2P5/8/P2K1PPP/R4BNR b kq - 0 13
rn2k2r/p6p/1p6/2BPPnp1/2P5/8/P2K1PPP/R4BNR w kq - 0 14
rn2k2r/p6p/1p1B4/3PPnp1/2P5/8/P2K1PPP/R4BNR b kq - 1 14
rn2k2r/p6p/1p1n4/3PP1p1/2P5/8/P2K1PPP/R4BNR w kq - 0 15
rn2k2r/p6p/1p1P4/3P2p1/2P5/8/P2K1PPP/R4BNR b kq - 0 15
rn3rk1/p6p/1p1P4/3P2p1/2P5/8/P2K1PPP/R4BNR w - - 1 16
rn3rk1/p2P3p/1p6/3P2p1/2P5/8/P2K1PPP/R4BNR b - - 0 16
rn4k1/p2P3p/1p6/3P2p1/2P5/8/P2K1rPP/R4BNR w - - 0 17
rn4k1/p2P3p/1p6/3P2p1/2P5/8/P2KBrPP/R5NR b - - 1 17
rn4k1/p2P3p/1p6/3P2p1/2P5/8/P2Kr1PP/R5NR w - - 0 18
rn4k1/p2P3p/1p6/3P2p1/2P5/8/P3K1PP/R5NR b - - 0 18
r5k1/p2n3p/1p6/3P2p1/2P5/8/P3K1PP/R5NR w - - 0 19
r5k1/p2n3p/1p6/3P2p1/2P5/8/P3K1PP/3R2NR b - - 1 19
4r1k1/p2n3p/1p6/3P2p1/2P5/8/P3K1PP/3R2NR w - - 2 20
4r1k1/p2n3p/1p6/3P2p1/2P5/8/P4KPP/3R2NR b - - 3 20
5rk1/p2n3p/1p6/3P2p1/2P5/8/P4KPP/3R2NR w - - 4 21
5rk1/p2n3p/1p6/3P2p1/2P5/5N2/P4KPP/3R3R b - - 5 21
6k1/p2n3p/1p6/3P2p1/2P5/5r2/P4KPP/3R3R w - - 0 22
6k1/p2n3p/1p6/3P2p1/2P5/5P2/P4K1P/3R3R b - - 0 22
6k1/p6p/1p3n2/3P2p1/2P5/5P2/P4K1P/3R3R w - - 1 23
6k1/p6p/1p1P1n2/6p1/2P5/5P2/P4K1P/3R3R b - - 0 23
6k1/p6p/1p1P4/6p1/2P1n3/5P2/P4K1P/3R3R w - - 1 24
6k1/p6p/1p1P4/6p1/2P1P3/8/P4K1P/3R3R b - - 0 24
8/p4k1p/1p1P4/6p1/2P1P3/8/P4K1P/3R3R w - - 1 25
8/p2P1k1p/1p6/6p1/2P1P3/8/P4K1P/3R3R b - - 0 25
8/p2P3p/1p4k1/6p1/2P1P3/8/P4K1P/3R3R w - - 1 26
3Q4/p6p/1p4k1/6p1/2P1P3/8/P4K1P/3R3R b - - 0 26
3Q4/7p/1p4k1/p5p1/2P1P3/8/P4K1P/3R3R w - a6 0 27
3Q4/7p/1p4k1/p5p1/2P1P2P/8/P4K2/3R3R b - h3 0 27
3Q4/7p/1p4k1/p7/2P1P1pP/8/P4K2/3R3R w - - 0 28
3Q4/7p/1p4k1/p6P/2P1P1p1/8/P4K2/3R3R b - - 0 28
3Q4/5k1p/1p6/p6P/2P1P1p1/8/P4K2/3R3R w - - 1 29
3Q4/5k1p/1p6/p6P/2P1P1pR/8/P4K2/3R4 b - - 2 29
3Q4/5k1p/1p6/p6P/2P1P2R/6p1/P4K2/3R4 w - - 0 30
3Q4/5k1p/1p6/p6P/2P1P2R/6K1/P7/3R4 b - - 0 30
3Q4/5k2/1p5p/p6P/2P1P2R/6K1/P7/3R4 w - - 0 31
3Q4/5k2/1p5p/p3P2P/2P4R/6K1/P7/3R4 b - - 0 31
3Q4/8/1p2k2p/p3P2P/2P4R/6K1/P7/3R4 w - - 1 32
3Q4/8/1p2k2p/p1P1P2P/7R/6K1/P7/3R4 b - - 0 32
3Q4/8/1p2k2p/2P1P2P/p6R/6K1/P7/3R4 w - - 0 33
3Q4/8/1P2k2p/4P2P/p6R/6K1/P7/3R4 b - - 0 33
3Q4/8/1P2k2p/4P2P/7R/p5K1/P7/3R4 w - - 0 34
3Q4/1P6/4k2p/4P2P/7R/p5K1/P7/3R4 b - - 0 34
3Q4/1P6/7p/4k2P/7R/p5K1/P7/3R4 w - - 0 35
1Q1Q4/8/7p/4k2P/7R/p5K1/P7/3R4 b - - 0 35
1Q1Q4/8/4k2p/7P/7R/p5K1/P7/3R4 w - - 1 36
1Q1Q4/8/3Rk2p/7P/7R/p5K1/P7/8 b - - 2 36
1Q1Q4/8/3R3p/4k2P/7R/p5K1/P7/8 w - - 3 37
1Q1Q4/8/3R3p/4k2P/6R1/p5K1/P7/8 b - - 4 37
1Q1Q4/8/3R3p/5k1P/6R1/p5K1/P7/8 w - - 5 38
1Q1Q4/8/3R2Rp/5k1P/8/p5K1/P7/8 b - - 6 38
1Q1Q4/8/3R2Rp/4k2P/8/p5K1/P7/8 w - - 7 39
1Q1Q4/8/3R3R/4k2P/8/p5K1/P7/8 b - - 0 39
1Q1Q4/8/3R3R/7P/4k3/p5K1/P7/8 w - - 1 40
1Q1Q4/8/3R1R2/7P/4k3/p5K1/P7/8 b - - 2 40
1Q1Q4/8/3R1R2/4k2P/8/p5K1/P7/8 w - - 3 41
1Q2Q3/8/3R1R2/4k2P/8/p5K1/P7/8 b - - 4 41
Xeque-mate -- Vitoria: BRANCO
