rnbqkbnr/pppppppp/8/8/8/8/PPPPPPPP/RNBQKBNR w KQkq - 0 1
rnbqkbnr/pppppppp/8/8/8/4P3/PPPP1PPP/RNBQKBNR b KQkq - 0 1
rnbqkbnr/pppp1ppp/8/4p3/8/4P3/PPPP1PPP/RNBQKBNR w KQkq e6 0 2
rnbqkbnr/pppp1ppp/8/4p3/8/4PQ2/PPPP1PPP/RNB1KBNR b KQkq - 1 2
rnbqkbnr/pppp1ppp/8/8/4p3/4PQ2/PPPP1PPP/RNB1KBNR w KQkq - 0 3
rnbqkbnr/pppp1ppp/8/8/4Q3/4P3/PPPP1PPP/RNB1KBNR b KQkq - 0 3
rnbqk1nr/ppppbppp/8/8/4Q3/4P3/PPPP1PPP/RNB1KBNR w KQkq - 1 4
rnbqk1nr/ppppbppp/8/8/4Q3/2N1P3/PPPP1PPP/R1B1KBNR b KQkq - 2 4
rnbqk1nr/ppp1bppp/8/3p4/4Q3/2N1P3/PPPP1PPP/R1B1KBNR w KQkq d6 0 5
rnbqk1nr/ppp1bppp/8/3N4/4Q3/4P3/PPPP1PPP/R1B1KBNR b KQkq - 0 5
rnbqk1nr/ppp1b1pp/8/3N1p2/4Q3/4P3/PPPP1PPP/R1B1KBNR w KQkq f6 0 6
rnbqk1nr/ppp1b1pp/8/3N1p2/3Q4/4P3/PPPP1PPP/R1B1KBNR b KQkq - 1 6
rnbqkbnr/ppp3pp/8/3N1p2/3Q4/4P3/PPPP1PPP/R1B1KBNR w KQkq - 2 7
rnbqkbnr/ppp3pp/8/3N1p2/3Q4/4P2N/PPPP1PPP/R1B1KB1R b KQkq - 3 7
rnbqkbnr/pp4pp/8/2pN1p2/3Q4/4P2N/PPPP1PPP/R1B1KB1R w KQkq c6 0 8
rnbqkbnr/pp4pp/8/2pN1p2/8/3QP2N/PPPP1PPP/R1B1KB1R b KQkq - 1 8
rnbqkbnr/pp4pp/8/3N1p2/2p5/3QP2N/PPPP1PPP/R1B1KB1R w KQkq - 0 9
rnbqkbnr/pp4pp/8/3N1p2/2Q5/4P2N/PPPP1PPP/R1B1KB1R b KQkq - 0 9
rn1qkbnr/pp4pp/4b3/3N1p2/2Q5/4P2N/PPPP1PPP/R1B1KB1R w KQkq - 1 10
rn1qkbnr/pp4pp/4b3/3N1p2/2Q2N2/4P3/PPPP1PPP/R1B1KB1R b KQkq - 2 10
rn1qkbnr/pp4pp/8/3b1p2/2Q2N2/4P3/PPPP1PPP/R1B1KB1R w KQkq - 0 11
rn1qkbnr/pp4pp/8/3N1p2/2Q5/4P3/PPPP1PPP/R1B1KB1R b KQkq - 0 11
rn1qkbnr/p5pp/8/1p1N1p2/2Q5/4P3/PPPP1PPP/R1B1KB1R w KQkq b6 0 12
rn1qkbnr/p5pp/8/1p1N1p2/5Q2/4P3/PPPP1PPP/R1B1KB1R b KQkq - 1 12
r2qkbnr/p5pp/2n5/1p1N1p2/5Q2/4P3/PPPP1PPP/R1B1KB1R w KQkq - 2 13
r2qkbnr/p5pp/2n5/1p1N1Q2/8/4P3/PPPP1PPP/R1B1KB1R b KQkq - 0 13
r2qk1nr/p5pp/2n5/1pbN1Q2/8/4P3/PPPP1PPP/R1B1KB1R w KQkq - 1 14
r2qk1nr/p5pp/2n5/1pbN1Q2/8/3PP3/PPP2PPP/R1B1KB1R b KQkq - 0 14
r3k1nr/p5pp/2n5/qpbN1Q2/8/3PP3/PPP2PPP/R1B1KB1R w KQkq - 1 15
r3k1nr/p5pp/2n5/qpbN1Q2/8/2PPP3/PP3PPP/R1B1KB1R b KQkq - 0 15
r3k1nr/p5pp/2n5/1pbN1Q2/8/2qPP3/PP3PPP/R1B1KB1R w KQkq - 0 16
r3k1nr/p5pp/2n5/1pbN1Q2/8/2PPP3/P4PPP/R1B1KB1R b KQkq - 0 16
r3k1nr/p6p/2n3p1/1pbN1Q2/8/2PPP3/P4PPP/R1B1KB1R w KQkq - 0 17
r3k1nr/p6p/2n1Q1p1/1pbN4/8/2PPP3/P4PPP/R1B1KB1R b KQkq - 1 17
r3k2r/p3n2p/2n1Q1p1/1pbN4/8/2PPP3/P4PPP/R1B1KB1R w KQkq - 2 18
r3k2r/p3n2p/2n1Q1p1/1pbN4/3P4/2P1P3/P4PPP/R1B1KB1R b KQkq - 0 18
r3k2r/p3n2p/4Q1p1/1pbN4/3n4/2P1P3/P4PPP/R1B1KB1R w KQkq - 0 19
r3k2r/p3n2p/4Q1p1/1pbN4/3P4/4P3/P4PPP/R1B1KB1R b KQkq - 0 19
r3k2r/p3n2p/4Q1p1/1p1N4/1b1P4/4P3/P4PPP/R1B1KB1R w KQkq - 1 20
r3k2r/p3n2p/4Q1p1/1p1N4/1b1P4/4P3/P2B1PPP/R3KB1R b KQkq - 2 20
r3k2r/p3n2p/4Q1p1/1p1N4/3P4/4P3/P2b1PPP/R3KB1R w KQkq - 0 21
r3k2r/p3n2p/4Q1p1/1p1N4/3P4/4P3/P2K1PPP/R4B1R b kq - 0 21
r3kr2/p3n2p/4Q1p1/1p1N4/3P4/4P3/P2K1PPP/R4B1R w q - 1 22
r3kr2/p3Q2p/6p1/1p1N4/3P4/4P3/P2K1PPP/R4B1R b q - 0 22
Xeque-mate -- Vitoria: BRANCO
