rnbqkbnr/pppppppp/8/8/8/8/PPPPPPPP/RNBQKBNR w KQkq - 0 1
rnbqkbnr/pppppppp/8/8/4P3/8/PPPP1PPP/RNBQKBNR b KQkq e3 0 1
rnbqkbnr/pppp1ppp/8/4p3/4P3/8/PPPP1PPP/RNBQKBNR w KQkq e6 0 2
rnbqkbnr/pppp1ppp/8/4p3/4P3/2N5/PPPP1PPP/R1BQKBNR b KQkq - 1 2
rnbqkbnr/ppp2ppp/8/3pp3/4P3/2N5/PPPP1PPP/R1BQKBNR w KQkq d6 0 3
rnbqkbnr/ppp2ppp/8/3Np3/4P3/8/PPPP1PPP/R1BQKBNR b KQkq - 0 3
rn1qkbnr/ppp2ppp/8/3Np3/4P1b1/8/PPPP1PPP/R1BQKBNR w KQkq - 1 4
rn1qkbnr/ppp2ppp/8/3Np3/4P1Q1/8/PPPP1PPP/R1B1KBNR b KQkq - 0 4
rn1qkbnr/ppp3pp/8/3Npp2/4P1Q1/8/PPPP1PPP/R1B1KBNR w KQkq f6 0 5
rn1qkbnr/ppp3pp/8/3NpQ2/4P3/8/PPPP1PPP/R1B1KBNR b KQkq - 0 5
rn1qk1nr/ppp3pp/8/2bNpQ2/4P3/8/PPPP1PPP/R1B1KBNR w KQkq - 1 6
rn1qk1nr/ppp3pp/8/2bNpQ2/1P2P3/8/P1PP1PPP/R1B1KBNR b KQkq b3 0 6
rn1qk1nr/ppp3pp/8/3NpQ2/1P2P3/8/P1PP1bPP/R1B1KBNR w KQkq - 0 7
rn1qk1nr/ppp3pp/8/3Np3/1P2P3/8/P1PP1QPP/R1B1KBNR b KQkq - 0 7
r2qk1nr/ppp3pp/2n5/3Np3/1P2P3/8/P1PP1QPP/R1B1KBNR w KQkq - 1 8
r2qk1nr/ppp3pp/2n5/1P1Np3/4P3/8/P1PP1QPP/R1B1KBNR b KQkq - 0 8
r2qk1nr/ppp3pp/8/1P1Np3/3nP3/8/P1PP1QPP/R1B1KBNR w KQkq - 1 9
r2qk1nr/ppp3pp/8/1P1Np3/3nP3/2P5/P2P1QPP/R1B1KBNR b KQkq - 0 9
r2qk1nr/ppp3pp/8/1P1Np3/4P3/2P5/P1nP1QPP/R1B1KBNR w KQkq - 1 10
r2qk1nr/ppp3pp/8/1P1Np3/4P3/2P5/P1nPKQPP/R1B2BNR b kq - 2 10
r2qk1nr/ppp3pp/8/1P1Np3/3nP3/2P5/P2PKQPP/R1B2BNR w kq - 3 11
r2qk1nr/ppp3pp/8/1P1Np3/3PP3/8/P2PKQPP/R1B2BNR b kq - 0 11
r2qk1nr/pp4pp/2p5/1P1Np3/3PP3/8/P2PKQPP/R1B2BNR w kq - 0 12
r2qk1nr/pp4pp/2p5/1P2p3/1N1PP3/8/P2PKQPP/R1B2BNR b kq - 1 12
r3k1nr/pp4pp/2p5/1P2p3/1N1qP3/8/P2PKQPP/R1B2BNR w kq - 0 13
r3k1nr/pp4pp/2p5/1P2p3/1N1qP3/8/P2PKQPP/1RB2BNR b kq - 1 13
r3k1nr/pp4pp/2p5/1P2p3/1N2q3/8/P2PKQPP/1RB2BNR w kq - 0 14
r3k1nr/pp4pp/2p5/1P2p3/1N2q3/8/P2P1QPP/1RBK1BNR b kq - 1 14
r3k1nr/pp4pp/2p5/1P2p3/1N4q1/8/P2P1QPP/1RBK1BNR w kq - 2 15
r3k1nr/pp4pp/2p5/1P2p3/1N4q1/5N2/P2P1QPP/1RBK1B1R b kq - 3 15
r3k1nr/pp4pp/2p5/1P2p3/1N6/5q2/P2P1QPP/1RBK1B1R w kq - 0 16
r3k1nr/pp4pp/2p5/1P2p3/1N6/5P2/P2P1Q1P/1RBK1B1R b kq - 0 16
r3k1nr/pp4pp/8/1Pp1p3/1N6/5P2/P2P1Q1P/1RBK1B1R w kq - 0 17
r3k1nr/pp4pp/8/1PpNp3/8/5P2/P2P1Q1P/1RBK1B1R b kq - 1 17
3rk1nr/pp4pp/8/1PpNp3/8/5P2/P2P1Q1P/1RBK1B1R w k - 2 18
3rk1nr/pp4pp/8/1PQNp3/8/5P2/P2P3P/1RBK1B1R b k - 0 18
3rk1nr/p5pp/1p6/1PQNp3/8/5P2/P2P3P/1RBK1B1R w k - 0 19
3rk1nr/p1N3pp/1p6/1PQ1p3/8/5P2/P2P3P/1RBK1B1R b k - 1 19
3r2nr/p1Nk2pp/1p6/1PQ1p3/8/5P2/P2P3P/1RBK1B1R w - - 2 20
3r2nr/p1Nk2pp/1pQ5/1P2p3/8/5P2/P2P3P/1RBK1B1R b - - 3 20
2kr2nr/p1N3pp/1pQ5/1P2p3/8/5P2/P2P3P/1RBK1B1R w - - 4 21
2kr2nr/p1N3pp/1pQ5/1P2p3/8/5P1B/P2P3P/1RBK3R b - - 5 21
1k1r2nr/p1N3pp/1pQ5/1P2p3/8/5P1B/P2P3P/1RBK3R w - - 6 22
1k1r2nr/p1N3pp/1pQ5/1P2p3/8/5P1B/P2P3P/1RBK2R1 b - - 7 22
1k4nr/p1N3pp/1pQ5/1P2p3/8/5P1B/P2r3P/1RBK2R1 w - - 0 23
1k4nr/p1N3pp/1pQ5/1P2p3/8/5P1B/P2B3P/1R1K2R1 b - - 0 23
1k5r/p1N1n1pp/1pQ5/1P2p3/8/5P1B/P2B3P/1R1K2R1 w - - 1 24
1k5r/p1N1n1Rp/1pQ5/1P2p3/8/5P1B/P2B3P/1R1K4 b - - 0 24
1k1r4/p1N1n1Rp/1pQ5/1P2p3/8/5P1B/P2B3P/1R1K4 w - - 1 25
1k1r4/p1N1R2p/1pQ5/1P2p3/8/5P1B/P2B3P/1R1K4 b - - 0 25
1k6/p1N1R2p/1pQ5/1P2p3/8/5P1B/P2r3P/1R1K4 w - - 0 26
1k6/p1N1R2p/1pQ5/1P2p3/8/5P1B/P2K3P/1R6 b - - 0 26
1k6/p1N1R2p/1pQ5/1P6/4p3/5P1B/P2K3P/1R6 w - - 0 27
1k6/p1N1R2p/1pQ5/1P6/4pP2/7B/P2K3P/1R6 b - - 0 27
1k6/p1N1R2p/1pQ5/1P6/5P2/4p2B/P2K3P/1R6 w - - 0 28
1k6/p1N1R2p/1pQ5/1P6/5P2/3Kp2B/P6P/1R6 b - - 1 28
1k6/2N1R2p/ppQ5/1P6/5P2/3Kp2B/P6P/1R6 w - - 0 29
1k6/2N1R2p/ppQ5/1P6/P4P2/3Kp2B/7P/1R6 b - a3 0 29
1k6/2N1R2p/1pQ5/1p6/P4P2/3Kp2B/7P/1R6 w - - 0 30
1k6/2N1R2p/1pQ5/1P6/5P2/3Kp2B/7P/1R6 b - - 0 30
1k6/2N1R3/1pQ5/1P5p/5P2/3Kp2B/7P/1R6 w - h6 0 31
1k6/2N1R3/1pQ5/1P5p/5P2/4K2B/7P/1R6 b - - 0 31
1k6/2N1R3/1pQ5/1P6/5P1p/4K2B/7P/1R6 w - - 0 32
1k6/2N1R3/1pQ5/1P6/1R3P1p/4K2B/7P/8 b - - 1 32
8/k1N1R3/1pQ5/1P6/1R3P1p/4K2B/7P/8 w - - 2 33
8/k1N1R3/1pQ5/1P6/R4P1p/4K2B/7P/8 b - - 3 33
1k6/2N1R3/1pQ5/1P6/R4P1p/4K2B/7P/8 w - - 4 34
1k6/2N1R3/1pQ5/1P6/R3KP1p/7B/7P/8 b - - 5 34
Empate -- Afogamento
