rnbqkbnr/pppppppp/8/8/8/8/PPPPPPPP/RNBQKBNR w KQkq - 0 1
rnbqkbnr/pppppppp/8/8/8/2N5/PPPPPPPP/R1BQKBNR b KQkq - 1 1
rnbqkbnr/pppp1ppp/8/4p3/8/2N5/PPPPPPPP/R1BQKBNR w KQkq e6 0 2
rnbqkbnr/pppp1ppp/8/4p3/8/2N2N2/PPPPPPPP/R1BQKB1R b KQkq - 1 2
rnbqkbnr/pppp1ppp/8/8/4p3/2N2N2/PPPPPPPP/R1BQKB1R w KQkq - 0 3
rnbqkbnr/pppp1ppp/8/8/4p3/2N2NP1/PPPPPP1P/R1BQKB1R b KQkq - 0 3
rnbqkbnr/ppp2ppp/8/3p4/4p3/2N2NP1/PPPPPP1P/R1BQKB1R w KQkq d6 0 4
rnbqkbnr/ppp2ppp/8/3p4/4p3/2N2NP1/PPPPPPBP/R1BQK2R b KQkq - 1 4
rnbqkbnr/ppp2ppp/8/8/3pp3/2N2NP1/PPPPPPBP/R1BQK2R w KQkq - 0 5
rnbqkbnr/ppp2ppp/8/8/3pp3/2N2NP1/PPPPPPBP/R1BQ1RK1 b kq - 1 5
rnbqkbnr/ppp2ppp/8/8/3p4/2N2pP1/PPPPPPBP/R1BQ1RK1 w kq - 0 6
rnbqkbnr/ppp2ppp/8/8/3p4/1PN2pP1/P1PPPPBP/R1BQ1RK1 b kq - 0 6
rnbqkbnr/ppp2ppp/8/8/3p4/1PN3P1/P1PPpPBP/R1BQ1RK1 w kq - 0 7
Movimento invalido. Tente novamente.
rnbqkbnr/ppp2ppp/8/8/3p4/1PN3P1/PBPPpPBP/R2Q1RK1 b kq - 1 7
rnbqkbnr/ppp2ppp/8/8/3p4/1PN3P1/PBPP1PBP/R2Q1rK1 w kq - 0 8
rnbqkbnr/ppp2ppp/8/8/3p4/1PN3P1/PBPP1P1P/R2Q1BK1 b kq - 0 8
rnbqkbnr/ppp2ppp/8/8/8/1Pp3P1/PBPP1P1P/R2Q1BK1 w kq - 0 9
rnbqkbnr/ppp2ppp/8/8/8/1Pp3P1/PBPPQP1P/R4BK1 b kq - 1 9
rnbq1bnr/pppk1ppp/8/8/8/1Pp3P1/PBPPQP1P/R4BK1 w - - 2 10
rnbq1bnr/pppk1ppp/8/8/8/1PP3P1/PBP1QP1P/R4BK1 b - - 0 10
rnb2bnr/pppk1ppp/5q2/8/8/1PP3P1/PBP1QP1P/R4BK1 w - - 1 11
rnb2bnr/pppk1ppp/5q2/8/2P5/1P4P1/PBP1QP1P/R4BK1 b - - 0 11
rnb2bnr/pppk1ppp/8/8/2P5/1P4P1/PBP1Qq1P/R4BK1 w - - 0 12
rnb2bnr/pppk1ppp/8/8/2P5/1P4P1/PBP2Q1P/R4BK1 b - - 0 12
rnb3nr/pppk1ppp/8/2b5/2P5/1P4P1/PBP2Q1P/R4BK1 w - - 1 13
Movimento invalido. Tente novamente.
rnb3nr/pppk1ppp/8/2b5/2P5/1P4P1/PBP2Q1P/R4B1K b - - 2 13
rnb3nr/pppk1ppp/8/8/2P5/1P4P1/PBP2b1P/R4B1K w - - 0 14
rnb3nr/pppk1pBp/8/8/2P5/1P4P1/P1P2b1P/R4B1K b - - 0 14
rnb3nr/pppk2Bp/5p2/8/2P5/1P4P1/P1P2b1P/R4B1K w - - 0 15
rnb3nB/pppk3p/5p2/8/2P5/1P4P1/P1P2b1P/R4B1K b - - 0 15
rnb3nB/pppk3p/5p2/8/2Pb4/1P4P1/P1P4P/R4B1K w - - 1 16
rnb3nB/pppk3p/5p2/8/2Pb4/1P1B2P1/P1P4P/R6K b - - 2 16
rnb3nB/pppk3p/5p2/8/2P5/1P1B2P1/P1P4P/b6K w - - 0 17
rnb3nB/pppk3p/5p2/8/P1P5/1P1B2P1/2P4P/b6K b - a3 0 17
rnb3nB/pppk4/5p2/7p/P1P5/1P1B2P1/2P4P/b6K w - h6 0 18
rnb3nB/pppk4/5p2/7p/PPP5/3B2P1/2P4P/b6K b - - 0 18
rnb3nB/pppk4/5p2/4b2p/PPP5/3B2P1/2P4P/7K w - - 1 19
rnb3nB/pppk4/5p2/1P2b2p/P1P5/3B2P1/2P4P/7K b - - 0 19
rnb4B/pppkn3/5p2/1P2b2p/P1P5/3B2P1/2P4P/7K w - - 1 20
rnb4B/pppkn3/5p2/1PP1b2p/P7/3B2P1/2P4P/7K b - - 0 20
rnb4B/1ppkn3/5p2/pPP1b2p/P7/3B2P1/2P4P/7K w - a6 0 21
rnb4B/1ppkn3/2P2p2/pP2b2p/P7/3B2P1/2P4P/7K b - - 0 21
rnb4B/2pkn3/2p2p2/pP2b2p/P7/3B2P1/2P4P/7K w - - 0 22
rnb4B/2pkn3/2p2p2/pP2b2p/P5P1/3B4/2P4P/7K b - - 0 22
rnb4B/2pkn3/5p2/pp2b2p/P5P1/3B4/2P4P/7K w - - 0 23
rnb5/2pkn3/5B2/pp2b2p/P5P1/3B4/2P4P/7K b - - 0 23
rn6/1bpkn3/5B2/pp2b2p/P5P1/3B4/2P4P/7K w - - 1 24
rn6/1bpkn3/5B2/pp2b2p/P3B1P1/8/2P4P/7K b - - 2 24
rn6/2pkn3/5B2/pp2b2p/P3b1P1/8/2P4P/7K w - - 0 25
rn6/2pkn3/5B2/pp2b2p/P3b1P1/8/2P4P/6K1 b - - 1 25
rn6/2pkn3/5B2/pp5p/P2bb1P1/8/2P4P/6K1 w - - 2 26
rn6/2pkn3/5B2/pp5p/P2bb1P1/8/2P4P/5K2 b - - 3 26
rn6/2pkn3/5B2/pp5p/P2b2P1/8/2P3bP/5K2 w - - 4 27
rn6/2pkn3/5B2/pp5p/P2b2P1/8/2P3bP/4K3 b - - 5 27
rn6/2pkn3/5B2/pp5p/P5P1/2b5/2P3bP/4K3 w - - 6 28
rn6/2pkn3/5B2/pp5p/P5P1/2b5/2P3bP/3K4 b - - 7 28
rn6/2pkn3/5B2/pp5p/P5P1/2b2b2/2P4P/3K4 w - - 8 29
rn6/2pkn3/5B2/pp5p/P5P1/2b2b2/2P4P/2K5 b - - 9 29
rn6/2pkn3/5B2/pp5p/P5P1/5b2/1bP4P/2K5 w - - 10 30
rn6/2pkn3/5B2/pp5p/P5P1/5b2/1bPK3P/8 b - - 11 30
rn6/2pkn3/5B2/pp5p/P5P1/2b2b2/2PK3P/8 w - - 12 31
rn6/2pkn3/5B2/pp5p/P5P1/2bK1b2/2P4P/8 b - - 13 31
rn6/2pkn3/5B2/pp5p/P3b1P1/2bK4/2P4P/8 w - - 14 32
rn6/2pkn3/5B2/pp5p/P3b1P1/2b1K3/2P4P/8 b - - 15 32
rn6/2pk4/5B2/pp1n3p/P3b1P1/2b1K3/2P4P/8 w - - 16 33
rn6/2pk4/5B2/pp1n3p/P3b1P1/2b5/2P1K2P/8 b - - 17 33
rn6/2pk4/5B2/pp5p/P3bnP1/2b5/2P1K2P/8 w - - 18 34
rn6/2pk4/5B2/pp5p/P3bnP1/2b5/2P2K1P/8 b - - 19 34
rn6/2pk4/5B2/pp5p/P2bbnP1/8/2P2K1P/8 w - - 20 35
rn6/2pk4/5B2/pp5p/P2bbnP1/8/2P4P/5K2 b - - 21 35
rn6/2pk4/5B2/pp5p/P2b1nP1/8/2P3bP/5K2 w - - 22 36
rn6/2pk4/5B2/pp5p/P2b1nP1/8/2P3bP/4K3 b - - 23 36
rn6/2pk4/5B2/pp5p/P4nP1/2b5/2P3bP/4K3 w - - 24 37
rn6/2pk4/5B2/pp5p/P4nP1/2b5/2P3bP/3K4 b - - 25 37
rn6/2pk4/5B2/pp5p/P4nP1/2b2b2/2P4P/3K4 w - - 26 38
rn6/2pk4/5B2/pp5p/P4nP1/2b2b2/2P4P/2K5 b - - 27 38
rn6/2pk4/5B2/pp5p/P5P1/2b2b2/2P1n2P/2K5 w - - 28 39
rn6/2pk4/5B2/pp5p/P5P1/2b2b2/2P1n2P/3K4 b - - 29 39
rn6/2pk4/5B2/pp5p/P2n2P1/2b2b2/2P4P/3K4 w - - 30 40
rn6/2pk4/5B2/pp5p/P2n2P1/2b2b2/2P4P/2K5 b - - 31 40
rn6/2pk4/5B2/pp5p/P5P1/2b2b2/2P1n2P/2K5 w - - 32 41
rn6/2pk4/5B2/pp5p/P5P1/2b2b2/2P1n2P/1K6 b - - 33 41
rn6/2pk4/5b2/pp5p/P5P1/5b2/2P1n2P/1K6 w - - 0 42
rn6/2pk4/5b2/pp5p/P5P1/2P2b2/4n2P/1K6 b - - 0 42
rn6/2pk4/5b2/pp5p/P5P1/2n2b2/7P/1K6 w - - 0 43
rn6/2pk4/5b2/pp5p/P5P1/2n2b2/1K5P/8 b - - 1 43
rn6/2pk4/5b2/pp5p/n5P1/5b2/1K5P/8 w - - 0 44
rn6/2pk4/5b2/pp5p/n5P1/1K3b2/7P/8 b - - 1 44
rn6/2pk4/5b2/ppn4p/6P1/1K3b2/7P/8 w - - 2 45
rn6/2pk4/5b2/ppn4p/6P1/K4b2/7P/8 b - - 3 45
rn6/2pk4/5b2/p1n4p/1p4P1/K4b2/7P/8 w - - 0 46
rn6/2pk4/5b2/p1n4p/1p4P1/5b2/K6P/8 b - - 1 46
rn6/2pk4/5b2/p1nb3p/1p4P1/8/K6P/8 w - - 2 47
rn6/2pk4/5b2/p1nb3p/1p4P1/8/7P/1K6 b - - 3 47
rn6/2pk4/5b2/p1n4p/1p2b1P1/8/7P/1K6 w - - 4 48
rn6/2pk4/5b2/p1n4p/1p2b1P1/8/7P/2K5 b - - 5 48
rn6/2pk4/5b2/p6p/1p2b1P1/3n4/7P/2K5 w - - 6 49
rn6/2pk4/5b2/p6p/1p2b1P1/3n4/7P/3K4 b - - 7 49
rn6/2pk4/5b2/p6p/1p2b1P1/8/5n1P/3K4 w - - 8 50
rn6/2pk4/5b2/p6p/1p2b1P1/8/5n1P/4K3 b - - 9 50
rn6/2pk4/5b2/p6p/1p2b1P1/3n4/7P/4K3 w - - 10 51
rn6/2pk4/5b2/p6p/1p2b1P1/3n4/7P/5K2 b - - 11 51
rn6/2pk4/5b2/p6p/1p4P1/3n4/6bP/5K2 w - - 12 52
rn6/2pk4/5b2/p6p/1p4P1/3n4/6bP/6K1 b - - 13 52
rn6/2pk4/8/p6p/1p1b2P1/3n4/6bP/6K1 w - - 14 53
rn6/2pk4/8/p6p/1p1b2P1/3n4/6KP/8 b - - 0 53
rn6/2pk4/8/p6p/1p1b1nP1/8/6KP/8 w - - 1 54
rn6/2pk4/8/p6p/1p1b1nP1/6K1/7P/8 b - - 2 54
rn6/2pk4/8/p6p/1p1b2P1/6K1/4n2P/8 w - - 3 55
rn6/2pk4/8/p6p/1p1b2PK/8/4n2P/8 b - - 4 55
rn6/2pk4/5b2/p6p/1p4PK/8/4n2P/8 w - - 5 56
rn6/2pk4/5b2/p6K/1p4P1/8/4n2P/8 b - - 0 56
rn6/2pk4/5b2/p6K/1p3nP1/8/7P/8 w - - 1 57
rn6/2pk4/5b1K/p7/1p3nP1/8/7P/8 b - - 2 57
rn6/2pk2b1/7K/p7/1p3nP1/8/7P/8 w - - 3 58
rn6/2pk2K1/8/p7/1p3nP1/8/7P/8 b - - 0 58
rn6/2pk2K1/4n3/p7/1p4P1/8/7P/8 w - - 1 59
rn6/2pk1K2/4n3/p7/1p4P1/8/7P/8 b - - 2 59
rn6/2pk1K2/8/p5n1/1p4P1/8/7P/8 w - - 3 60
rn3K2/2pk4/8/p5n1/1p4P1/8/7P/8 b - - 4 60
rn3K2/2pk4/4n3/p7/1p4P1/8/7P/8 w - - 5 61
rn6/2pk1K2/4n3/p7/1p4P1/8/7P/8 b - - 6 61
rn6/2pk1K2/8/p5n1/1p4P1/8/7P/8 w - - 7 62
rn3K2/2pk4/8/p5n1/1p4P1/8/7P/8 b - - 8 62
rn3K2/2pk4/4n3/p7/1p4P1/8/7P/8 w - - 9 63
rn6/2pk1K2/4n3/p7/1p4P1/8/7P/8 b - - 10 63
Empate -- Tripla Repeticao
