rnbqkbnr/pppppppp/8/8/8/8/PPPPPPPP/RNBQKBNR w KQkq - 0 1
rnbqkbnr/pppppppp/8/8/8/4P3/PPPP1PPP/RNBQKBNR b KQkq - 0 1
rnbqkbnr/pppp1ppp/8/4p3/8/4P3/PPPP1PPP/RNBQKBNR w KQkq e6 0 2
rnbqkbnr/pppp1ppp/8/4p3/8/3BP3/PPPP1PPP/RNBQK1NR b KQkq - 1 2
rnbqkbnr/pppp1ppp/8/8/4p3/3BP3/PPPP1PPP/RNBQK1NR w KQkq - 0 3
rnbqkbnr/pppp1ppp/8/8/4B3/4P3/PPPP1PPP/RNBQK1NR b KQkq - 0 3
rnbqkbnr/ppp2ppp/8/3p4/4B3/4P3/PPPP1PPP/RNBQK1NR w KQkq d6 0 4
rnbqkbnr/ppp2ppp/8/3p4/8/3BP3/PPPP1PPP/RNBQK1NR b KQkq - 1 4
rn1qkbnr/ppp2ppp/8/3p4/6b1/3BP3/PPPP1PPP/RNBQK1NR w KQkq - 2 5
rn1qkbnr/ppp2ppp/8/1B1p4/6b1/4P3/PPPP1PPP/RNBQK1NR b KQkq - 3 5
rn1qkbnr/pp3ppp/2p5/1B1p4/6b1/4P3/PPPP1PPP/RNBQK1NR w KQkq - 0 6
rn1qkbnr/pp3ppp/2B5/3p4/6b1/4P3/PPPP1PPP/RNBQK1NR b KQkq - 0 6
r2qkbnr/pp3ppp/2n5/3p4/6b1/4P3/PPPP1PPP/RNBQK1NR w KQkq - 0 7
r2qkbnr/pp3ppp/2n5/3p4/6b1/4PP2/PPPP2PP/RNBQK1NR b KQkq - 0 7
r3kbnr/pp3ppp/2n5/3p4/6bq/4PP2/PPPP2PP/RNBQK1NR w KQkq - 1 8
r3kbnr/pp3ppp/2n5/3p4/6bq/4PPP1/PPPP3P/RNBQK1NR b KQkq - 0 8
r3kbnr/pp3ppp/2n5/3p4/6b1/4PPq1/PPPP3P/RNBQK1NR w KQkq - 0 9
r3kbnr/pp3ppp/2n5/3p4/6b1/4PPP1/PPPP4/RNBQK1NR b KQkq - 0 9
r3kbnr/pp3ppp/2n5/3p4/8/4PbP1/PPPP4/RNBQK1NR w KQkq - 0 10
r3kbnr/pp3ppp/2n5/3p4/8/4PNP1/PPPP4/RNBQK2R b KQkq - 0 10
1r2kbnr/pp3ppp/2n5/3p4/8/4PNP1/PPPP4/RNBQK2R w KQk - 1 11
1r2kbnr/pp3ppp/2n5/3p4/7R/4PNP1/PPPP4/RNBQK3 b Qk - 2 11
1r2kbnr/pp3p1p/2n5/3p2p1/7R/4PNP1/PPPP4/RNBQK3 w Qk g6 0 12
1r2kbnr/pp3p1p/2n5/3p2p1/4R3/4PNP1/PPPP4/RNBQK3 b Qk - 1 12
1r2kbnr/pp3p1p/2n5/6p1/4p3/4PNP1/PPPP4/RNBQK3 w Qk - 0 13
1r2kbnr/pp3p1p/2n5/6N1/4p3/4P1P1/PPPP4/RNBQK3 b Qk - 0 13
1r2kbnr/pp3p2/2n4p/6N1/4p3/4P1P1/PPPP4/RNBQK3 w Qk - 0 14
1r2kbnr/pp3N2/2n4p/8/4p3/4P1P1/PPPP4/RNBQK3 b Qk - 0 14
1r2kbn1/pp3N1r/2n4p/8/4p3/4P1P1/PPPP4/RNBQK3 w Q - 1 15
1r1Nkbn1/pp5r/2n4p/8/4p3/4P1P1/PPPP4/RNBQK3 b Q - 2 15
1r1Nkb2/pp5r/2n2n1p/8/4p3/4P1P1/PPPP4/RNBQK3 w Q - 3 16
1r1Nkb2/pp5r/2n2n1p/7Q/4p3/4P1P1/PPPP4/RNB1K3 b Q - 4 16
1r1k1b2/pp5r/2n2n1p/7Q/4p3/4P1P1/PPPP4/RNB1K3 w Q - 0 17
1r1kQb2/pp5r/2n2n1p/8/4p3/4P1P1/PPPP4/RNB1K3 b Q - 1 17
1r2kb2/pp5r/2n2n1p/8/4p3/4P1P1/PPPP4/RNB1K3 w Q - 0 18
1r2kb2/pp5r/2n2n1p/8/4p3/2N1P1P1/PPPP4/R1B1K3 b Q - 1 18
1r2k3/pp5r/2n2n1p/8/1b2p3/2N1P1P1/PPPP4/R1B1K3 w Q - 2 19
1r2k3/pp5r/2n2n1p/8/1b2p3/2N1P1P1/PPPPK3/R1B5 b - - 3 19
1r2k3/pp5r/2n2n1p/8/4p3/2b1P1P1/PPPPK3/R1B5 w - - 0 20
1r2k3/pp5r/2n2n1p/8/4p3/2bPP1P1/PPP1K3/R1B5 b - - 0 20
1r2k3/pp5r/2n2n1p/8/8/2bpP1P1/PPP1K3/R1B5 w - - 0 21
1r2k3/pp5r/2n2n1p/8/8/2bKP1P1/PPP5/R1B5 b - - 0 21
3rk3/pp5r/2n2n1p/8/8/2bKP1P1/PPP5/R1B5 w - - 1 22
3rk3/pp5r/2n2n1p/8/8/2K1P1P1/PPP5/R1B5 b - - 0 22
3rk3/pp5r/2n4p/8/4n3/2K1P1P1/PPP5/R1B5 w - - 1 23
3rk3/pp5r/2n4p/8/4n3/1K2P1P1/PPP5/R1B5 b - - 2 23
3rk3/pp5r/2n4p/2n5/8/1K2P1P1/PPP5/R1B5 w - - 3 24
3rk3/pp5r/2n4p/2n5/8/2K1P1P1/PPP5/R1B5 b - - 4 24
3rk3/pp5r/2n4p/8/4n3/2K1P1P1/PPP5/R1B5 w - - 5 25
3rk3/pp5r/2n4p/8/4n3/1K2P1P1/PPP5/R1B5 b - - 6 25
3rk3/pp5r/2n4p/2n5/8/1K2P1P1/PPP5/R1B5 w - - 7 26
3rk3/pp5r/2n4p/2n5/8/2K1P1P1/PPP5/R1B5 b - - 8 26
3rk3/pp5r/2n4p/8/4n3/2K1P1P1/PPP5/R1B5 w - - 9 27
Empate -- Tripla Repeticao
