id = 145
Alcohol = 12.25
MalicAcid = 3.88
Ash = 2.20
AlcalinityOfAsh = 18.50
Magnesium = 112
TotalPhenols = 1.38
Flavanoids = 0.78
NonflavanoidPhenols = 0.29
Proanthocyanins = 1.14
ColorIntensity = 8.21
Hue = 0.65
OD280_OD315 = 2.00
Proline = 855
class = 3
dist = 12.18
id = 176
Alcohol = 13.27
MalicAcid = 4.28
Ash = 2.26
AlcalinityOfAsh = 20.00
Magnesium = 120
TotalPhenols = 1.59
Flavanoids = 0.69
NonflavanoidPhenols = 0.43
Proanthocyanins = 1.35
ColorIntensity = 10.20
Hue = 0.59
OD280_OD315 = 1.56
Proline = 835
class = 3
dist = 13.30
id = 26
Alcohol = 13.05
MalicAcid = 2.05
Ash = 3.22
AlcalinityOfAsh = 25.00
Magnesium = 124
TotalPhenols = 2.63
Flavanoids = 2.68
NonflavanoidPhenols = 0.47
Proanthocyanins = 1.92
ColorIntensity = 3.58
Hue = 1.13
OD280_OD315 = 3.20
Proline = 830
class = 1
dist = 19.74
id = 88
Alcohol = 11.65
MalicAcid = 1.67
Ash = 2.62
AlcalinityOfAsh = 26.00
Magnesium = 88
TotalPhenols = 1.92
Flavanoids = 1.61
NonflavanoidPhenols = 0.40
Proanthocyanins = 1.34
ColorIntensity = 2.60
Hue = 1.36
OD280_OD315 = 3.21
Proline = 562
class = 2
dist = 284.61
id = 135
Alcohol = 12.51
MalicAcid = 1.24
Ash = 2.25
AlcalinityOfAsh = 17.50
Magnesium = 85
TotalPhenols = 2.00
Flavanoids = 0.58
NonflavanoidPhenols = 0.60
Proanthocyanins = 1.25
ColorIntensity = 5.45
Hue = 0.75
OD280_OD315 = 1.51
Proline = 650
class = 3
dist = 197.50
id = 98
Alcohol = 12.29
MalicAcid = 1.41
Ash = 1.98
AlcalinityOfAsh = 16.00
Magnesium = 85
TotalPhenols = 2.55
Flavanoids = 2.50
NonflavanoidPhenols = 0.29
Proanthocyanins = 1.77
ColorIntensity = 2.90
Hue = 1.23
OD280_OD315 = 2.74
Proline = 428
class = 2
dist = 418.16
id = 138
Alcohol = 12.53
MalicAcid = 5.51
Ash = 2.64
AlcalinityOfAsh = 25.00
Magnesium = 96
TotalPhenols = 1.79
Flavanoids = 0.60
NonflavanoidPhenols = 0.63
Proanthocyanins = 1.10
ColorIntensity = 5.00
Hue = 0.82
OD280_OD315 = 1.69
Proline = 515
class = 3
dist = 330.78
id = 153
Alcohol = 13.11
MalicAcid = 1.90
Ash = 2.75
AlcalinityOfAsh = 25.50
Magnesium = 116
TotalPhenols = 2.20
Flavanoids = 1.28
NonflavanoidPhenols = 0.26
Proanthocyanins = 1.56
ColorIntensity = 7.10
Hue = 0.61
OD280_OD315 = 1.33
Proline = 425
class = 3
dist = 420.14
id = 49
Alcohol = 14.10
MalicAcid = 2.02
Ash = 2.40
AlcalinityOfAsh = 18.80
Magnesium = 103
TotalPhenols = 2.75
Flavanoids = 2.92
NonflavanoidPhenols = 0.32
Proanthocyanins = 2.38
ColorIntensity = 6.20
Hue = 1.07
OD280_OD315 = 2.75
Proline = 1060
class = 1
dist = 215.43
id = 108
Alcohol = 12.72
MalicAcid = 1.75
Ash = 2.28
AlcalinityOfAsh = 22.50
Magnesium = 84
TotalPhenols = 1.38
Flavanoids = 1.76
NonflavanoidPhenols = 0.48
Proanthocyanins = 1.63
ColorIntensity = 3.30
Hue = 0.88
OD280_OD315 = 2.42
Proline = 488
class = 2
dist = 358.52
id = 164
Alcohol = 12.96
MalicAcid = 3.45
Ash = 2.35
AlcalinityOfAsh = 18.50
Magnesium = 106
TotalPhenols = 1.39
Flavanoids = 0.70
NonflavanoidPhenols = 0.40
Proanthocyanins = 0.94
ColorIntensity = 5.28
Hue = 0.68
OD280_OD315 = 1.75
Proline = 675
class = 3
dist = 170.36
id = 71
Alcohol = 12.29
MalicAcid = 1.61
Ash = 2.21
AlcalinityOfAsh = 20.40
Magnesium = 103
TotalPhenols = 1.10
Flavanoids = 1.02
NonflavanoidPhenols = 0.37
Proanthocyanins = 1.46
ColorIntensity = 3.05
Hue = 0.91
OD280_OD315 = 1.82
Proline = 870
class = 2
dist = 28.96
id = 163
Alcohol = 12.85
MalicAcid = 3.27
Ash = 2.58
AlcalinityOfAsh = 22.00
Magnesium = 106
TotalPhenols = 1.65
Flavanoids = 0.60
NonflavanoidPhenols = 0.60
Proanthocyanins = 0.96
ColorIntensity = 5.58
Hue = 0.87
OD280_OD315 = 2.11
Proline = 570
class = 3
dist = 275.28
id = 112
Alcohol = 12.52
MalicAcid = 2.43
Ash = 2.17
AlcalinityOfAsh = 21.00
Magnesium = 88
TotalPhenols = 2.55
Flavanoids = 2.27
NonflavanoidPhenols = 0.26
Proanthocyanins = 1.22
ColorIntensity = 2.00
Hue = 0.90
OD280_OD315 = 2.78
Proline = 325
class = 2
dist = 520.80
id = 102
Alcohol = 12.60
MalicAcid = 1.34
Ash = 1.90
AlcalinityOfAsh = 18.50
Magnesium = 88
TotalPhenols = 1.45
Flavanoids = 1.36
NonflavanoidPhenols = 0.29
Proanthocyanins = 1.35
ColorIntensity = 2.45
Hue = 1.04
OD280_OD315 = 2.77
Proline = 562
class = 2
dist = 284.43
id = 137
Alcohol = 12.25
MalicAcid = 4.72
Ash = 2.54
AlcalinityOfAsh = 21.00
Magnesium = 89
TotalPhenols = 1.38
Flavanoids = 0.47
NonflavanoidPhenols = 0.53
Proanthocyanins = 0.80
ColorIntensity = 3.85
Hue = 0.75
OD280_OD315 = 1.27
Proline = 720
class = 3
dist = 128.09
id = 133
Alcohol = 12.81
MalicAcid = 2.31
Ash = 2.40
AlcalinityOfAsh = 24.00
Magnesium = 98
TotalPhenols = 1.15
Flavanoids = 1.09
NonflavanoidPhenols = 0.27
Proanthocyanins = 0.83
ColorIntensity = 5.70
Hue = 0.66
OD280_OD315 = 1.36
Proline = 560
class = 3
dist = 285.73
id = 63
Alcohol = 13.67
MalicAcid = 1.25
Ash = 1.92
AlcalinityOfAsh = 18.00
Magnesium = 94
TotalPhenols = 2.10
Flavanoids = 1.79
NonflavanoidPhenols = 0.32
Proanthocyanins = 0.73
ColorIntensity = 3.80
Hue = 1.23
OD280_OD315 = 2.46
Proline = 630
class = 2
dist = 216.16
id = 128
Alcohol = 11.79
MalicAcid = 2.13
Ash = 2.78
AlcalinityOfAsh = 28.50
Magnesium = 92
TotalPhenols = 2.13
Flavanoids = 2.24
NonflavanoidPhenols = 0.58
Proanthocyanins = 1.76
ColorIntensity = 3.00
Hue = 0.97
OD280_OD315 = 2.44
Proline = 466
class = 2
dist = 380.01
id = 156
Alcohol = 13.17
MalicAcid = 5.19
Ash = 2.32
AlcalinityOfAsh = 22.00
Magnesium = 93
TotalPhenols = 1.74
Flavanoids = 0.63
NonflavanoidPhenols = 0.61
Proanthocyanins = 1.55
ColorIntensity = 7.90
Hue = 0.60
OD280_OD315 = 1.48
Proline = 725
class = 3
dist = 122.47
id = 38
Alcohol = 13.05
MalicAcid = 1.65
Ash = 2.55
AlcalinityOfAsh = 18.00
Magnesium = 98
TotalPhenols = 2.45
Flavanoids = 2.43
NonflavanoidPhenols = 0.29
Proanthocyanins = 1.44
ColorIntensity = 4.25
Hue = 1.12
OD280_OD315 = 2.51
Proline = 1105
class = 1
dist = 260.65
id = 159
Alcohol = 14.34
MalicAcid = 1.68
Ash = 2.70
AlcalinityOfAsh = 25.00
Magnesium = 98
TotalPhenols = 2.80
Flavanoids = 1.31
NonflavanoidPhenols = 0.53
Proanthocyanins = 2.70
ColorIntensity = 13.00
Hue = 0.57
OD280_OD315 = 1.96
Proline = 660
class = 3
dist = 186.32
id = 147
Alcohol = 13.88
MalicAcid = 5.04
Ash = 2.23
AlcalinityOfAsh = 20.00
Magnesium = 80
TotalPhenols = 0.98
Flavanoids = 0.34
NonflavanoidPhenols = 0.40
Proanthocyanins = 0.68
ColorIntensity = 4.90
Hue = 0.58
OD280_OD315 = 1.33
Proline = 415
class = 3
dist = 431.55
id = 58
Alcohol = 13.29
MalicAcid = 1.97
Ash = 2.68
AlcalinityOfAsh = 16.80
Magnesium = 102
TotalPhenols = 3.00
Flavanoids = 3.23
NonflavanoidPhenols = 0.31
Proanthocyanins = 1.66
ColorIntensity = 6.00
Hue = 1.07
OD280_OD315 = 2.84
Proline = 1270
class = 1
dist = 425.24
id = 154
Alcohol = 13.23
MalicAcid = 3.30
Ash = 2.28
AlcalinityOfAsh = 18.50
Magnesium = 98
TotalPhenols = 1.80
Flavanoids = 0.83
NonflavanoidPhenols = 0.61
Proanthocyanins = 1.87
ColorIntensity = 10.52
Hue = 0.56
OD280_OD315 = 1.51
Proline = 675
class = 3
dist = 171.10
id = 136
Alcohol = 12.60
MalicAcid = 2.46
Ash = 2.20
AlcalinityOfAsh = 18.50
Magnesium = 94
TotalPhenols = 1.62
Flavanoids = 0.66
NonflavanoidPhenols = 0.63
Proanthocyanins = 0.94
ColorIntensity = 7.10
Hue = 0.73
OD280_OD315 = 1.58
Proline = 695
class = 3
dist = 151.69
id = 178
Alcohol = 14.13
MalicAcid = 4.10
Ash = 2.74
AlcalinityOfAsh = 24.50
Magnesium = 96
TotalPhenols = 2.05
Flavanoids = 0.76
NonflavanoidPhenols = 0.56
Proanthocyanins = 1.35
ColorIntensity = 9.20
Hue = 0.61
OD280_OD315 = 1.60
Proline = 560
class = 3
dist = 285.90
id = 31
Alcohol = 13.73
MalicAcid = 1.50
Ash = 2.70
AlcalinityOfAsh = 22.50
Magnesium = 101
TotalPhenols = 3.00
Flavanoids = 3.25
NonflavanoidPhenols = 0.29
Proanthocyanins = 2.38
ColorIntensity = 5.70
Hue = 1.19
OD280_OD315 = 2.71
Proline = 1285
class = 1
dist = 440.32
id = 80
Alcohol = 12.70
MalicAcid = 3.87
Ash = 2.40
AlcalinityOfAsh = 23.00
Magnesium = 101
TotalPhenols = 2.83
Flavanoids = 2.55
NonflavanoidPhenols = 0.43
Proanthocyanins = 1.95
ColorIntensity = 2.57
Hue = 1.19
OD280_OD315 = 3.13
Proline = 463
class = 2
dist = 382.38
id = 32
Alcohol = 13.58
MalicAcid = 1.66
Ash = 2.36
AlcalinityOfAsh = 19.10
Magnesium = 106
TotalPhenols = 2.86
Flavanoids = 3.19
NonflavanoidPhenols = 0.22
Proanthocyanins = 1.95
ColorIntensity = 6.90
Hue = 1.09
OD280_OD315 = 2.88
Proline = 1515
class = 1
dist = 670.09
id = 97
Alcohol = 11.81
MalicAcid = 2.12
Ash = 2.74
AlcalinityOfAsh = 21.50
Magnesium = 134
TotalPhenols = 1.60
Flavanoids = 0.99
NonflavanoidPhenols = 0.14
Proanthocyanins = 1.56
ColorIntensity = 2.50
Hue = 0.95
OD280_OD315 = 2.26
Proline = 625
class = 2
dist = 220.87
id = 6
Alcohol = 14.20
MalicAcid = 1.76
Ash = 2.45
AlcalinityOfAsh = 15.20
Magnesium = 112
TotalPhenols = 3.27
Flavanoids = 3.39
NonflavanoidPhenols = 0.34
Proanthocyanins = 1.97
ColorIntensity = 6.75
Hue = 1.05
OD280_OD315 = 2.85
Proline = 1450
class = 1
dist = 605.02
id = 143
Alcohol = 13.52
MalicAcid = 3.17
Ash = 2.72
AlcalinityOfAsh = 23.50
Magnesium = 97
TotalPhenols = 1.55
Flavanoids = 0.52
NonflavanoidPhenols = 0.50
Proanthocyanins = 0.55
ColorIntensity = 4.35
Hue = 0.89
OD280_OD315 = 2.06
Proline = 520
class = 3
dist = 325.68
id = 44
Alcohol = 13.24
MalicAcid = 3.98
Ash = 2.29
AlcalinityOfAsh = 17.50
Magnesium = 103
TotalPhenols = 2.64
Flavanoids = 2.63
NonflavanoidPhenols = 0.32
Proanthocyanins = 1.66
ColorIntensity = 4.36
Hue = 0.82
OD280_OD315 = 3.00
Proline = 680
class = 1
dist = 165.53
id = 155
Alcohol = 12.58
MalicAcid = 1.29
Ash = 2.10
AlcalinityOfAsh = 20.00
Magnesium = 103
TotalPhenols = 1.48
Flavanoids = 0.58
NonflavanoidPhenols = 0.53
Proanthocyanins = 1.40
ColorIntensity = 7.60
Hue = 0.58
OD280_OD315 = 1.55
Proline = 640
class = 3
dist = 205.52
id = 105
Alcohol = 12.51
MalicAcid = 1.73
Ash = 1.98
AlcalinityOfAsh = 20.50
Magnesium = 85
TotalPhenols = 2.20
Flavanoids = 1.92
NonflavanoidPhenols = 0.32
Proanthocyanins = 1.48
ColorIntensity = 2.94
Hue = 1.04
OD280_OD315 = 3.57
Proline = 672
class = 2
dist = 175.86
id = 78
Alcohol = 11.84
MalicAcid = 2.89
Ash = 2.23
AlcalinityOfAsh = 18.00
Magnesium = 112
TotalPhenols = 1.72
Flavanoids = 1.32
NonflavanoidPhenols = 0.43
Proanthocyanins = 0.95
ColorIntensity = 2.65
Hue = 0.96
OD280_OD315 = 2.52
Proline = 500
class = 2
dist = 345.06
id = 125
Alcohol = 11.87
MalicAcid = 4.31
Ash = 2.39
AlcalinityOfAsh = 21.00
Magnesium = 82
TotalPhenols = 2.86
Flavanoids = 3.03
NonflavanoidPhenols = 0.21
Proanthocyanins = 2.91
ColorIntensity = 2.80
Hue = 0.75
OD280_OD315 = 3.64
Proline = 380
class = 2
dist = 466.29
id = 39
Alcohol = 13.07
MalicAcid = 1.50
Ash = 2.10
AlcalinityOfAsh = 15.50
Magnesium = 98
TotalPhenols = 2.40
Flavanoids = 2.64
NonflavanoidPhenols = 0.28
Proanthocyanins = 1.37
ColorIntensity = 3.70
Hue = 1.18
OD280_OD315 = 2.69
Proline = 1020
class = 1
dist = 175.94
id = 84
Alcohol = 13.05
MalicAcid = 3.86
Ash = 2.32
AlcalinityOfAsh = 22.50
Magnesium = 85
TotalPhenols = 1.65
Flavanoids = 1.59
NonflavanoidPhenols = 0.61
Proanthocyanins = 1.62
ColorIntensity = 4.80
Hue = 0.84
OD280_OD315 = 2.01
Proline = 515
class = 2
dist = 331.54
id = 33
Alcohol = 13.68
MalicAcid = 1.83
Ash = 2.36
AlcalinityOfAsh = 17.20
Magnesium = 104
TotalPhenols = 2.42
Flavanoids = 2.69
NonflavanoidPhenols = 0.42
Proanthocyanins = 1.97
ColorIntensity = 3.84
Hue = 1.23
OD280_OD315 = 2.87
Proline = 990
class = 1
dist = 145.52
id = 109
Alcohol = 12.22
MalicAcid = 1.29
Ash = 1.94
AlcalinityOfAsh = 19.00
Magnesium = 92
TotalPhenols = 2.36
Flavanoids = 2.04
NonflavanoidPhenols = 0.39
Proanthocyanins = 2.08
ColorIntensity = 2.70
Hue = 0.86
OD280_OD315 = 3.02
Proline = 312
class = 2
dist = 533.57
id = 21
Alcohol = 14.06
MalicAcid = 1.63
Ash = 2.28
AlcalinityOfAsh = 16.00
Magnesium = 126
TotalPhenols = 3.00
Flavanoids = 3.17
NonflavanoidPhenols = 0.24
Proanthocyanins = 2.10
ColorIntensity = 5.65
Hue = 1.09
OD280_OD315 = 3.71
Proline = 780
class = 1
dist = 65.79
id = 70
Alcohol = 12.21
MalicAcid = 1.19
Ash = 1.75
AlcalinityOfAsh = 16.80
Magnesium = 151
TotalPhenols = 1.85
Flavanoids = 1.28
NonflavanoidPhenols = 0.14
Proanthocyanins = 2.50
ColorIntensity = 2.85
Hue = 1.28
OD280_OD315 = 3.07
Proline = 718
class = 2
dist = 131.81
id = 60
Alcohol = 12.37
MalicAcid = 0.94
Ash = 1.36
AlcalinityOfAsh = 10.60
Magnesium = 88
TotalPhenols = 1.98
Flavanoids = 0.57
NonflavanoidPhenols = 0.28
Proanthocyanins = 0.42
ColorIntensity = 1.95
Hue = 1.05
OD280_OD315 = 1.82
Proline = 520
class = 2
dist = 326.28
id = 13
Alcohol = 13.75
MalicAcid = 1.73
Ash = 2.41
AlcalinityOfAsh = 16.00
Magnesium = 89
TotalPhenols = 2.60
Flavanoids = 2.76
NonflavanoidPhenols = 0.29
Proanthocyanins = 1.81
ColorIntensity = 5.60
Hue = 1.15
OD280_OD315 = 2.90
Proline = 1320
class = 1
dist = 475.77
id = 170
Alcohol = 13.40
MalicAcid = 4.60
Ash = 2.86
AlcalinityOfAsh = 25.00
Magnesium = 112
TotalPhenols = 1.98
Flavanoids = 0.96
NonflavanoidPhenols = 0.27
Proanthocyanins = 1.11
ColorIntensity = 8.50
Hue = 0.67
OD280_OD315 = 1.92
Proline = 630
class = 3
dist = 215.31
id = 67
Alcohol = 13.11
MalicAcid = 1.01
Ash = 1.70
AlcalinityOfAsh = 15.00
Magnesium = 78
TotalPhenols = 2.98
Flavanoids = 3.18
NonflavanoidPhenols = 0.26
Proanthocyanins = 2.28
ColorIntensity = 5.30
Hue = 1.12
OD280_OD315 = 3.18
Proline = 502
class = 2
dist = 345.11
id = 101
Alcohol = 12.08
MalicAcid = 2.08
Ash = 1.70
AlcalinityOfAsh = 17.50
Magnesium = 97
TotalPhenols = 2.23
Flavanoids = 2.17
NonflavanoidPhenols = 0.26
Proanthocyanins = 1.40
ColorIntensity = 3.30
Hue = 1.27
OD280_OD315 = 2.96
Proline = 710
class = 2
dist = 136.38
id = 119
Alcohol = 12.77
MalicAcid = 3.43
Ash = 1.98
AlcalinityOfAsh = 16.00
Magnesium = 80
TotalPhenols = 1.63
Flavanoids = 1.25
NonflavanoidPhenols = 0.43
Proanthocyanins = 0.83
ColorIntensity = 3.40
Hue = 0.70
OD280_OD315 = 2.12
Proline = 372
class = 2
dist = 474.38
id = 36
Alcohol = 13.48
MalicAcid = 1.81
Ash = 2.41
AlcalinityOfAsh = 20.50
Magnesium = 100
TotalPhenols = 2.70
Flavanoids = 2.98
NonflavanoidPhenols = 0.26
Proanthocyanins = 1.86
ColorIntensity = 5.10
Hue = 1.04
OD280_OD315 = 3.47
Proline = 920
class = 1
dist = 76.88
id = 146
Alcohol = 13.16
MalicAcid = 3.57
Ash = 2.15
AlcalinityOfAsh = 21.00
Magnesium = 102
TotalPhenols = 1.50
Flavanoids = 0.55
NonflavanoidPhenols = 0.43
Proanthocyanins = 1.30
ColorIntensity = 4.00
Hue = 0.60
OD280_OD315 = 1.68
Proline = 830
class = 3
dist = 21.62
id = 174
Alcohol = 13.71
MalicAcid = 5.65
Ash = 2.45
AlcalinityOfAsh = 20.50
Magnesium = 95
TotalPhenols = 1.68
Flavanoids = 0.61
NonflavanoidPhenols = 0.52
Proanthocyanins = 1.06
ColorIntensity = 7.70
Hue = 0.64
OD280_OD315 = 1.74
Proline = 740
class = 3
dist = 107.32
id = 139
Alcohol = 13.49
MalicAcid = 3.59
Ash = 2.19
AlcalinityOfAsh = 19.50
Magnesium = 88
TotalPhenols = 1.62
Flavanoids = 0.48
NonflavanoidPhenols = 0.58
Proanthocyanins = 0.88
ColorIntensity = 5.70
Hue = 0.81
OD280_OD315 = 1.82
Proline = 580
class = 3
dist = 266.53
id = 175
Alcohol = 13.40
MalicAcid = 3.91
Ash = 2.48
AlcalinityOfAsh = 23.00
Magnesium = 102
TotalPhenols = 1.80
Flavanoids = 0.75
NonflavanoidPhenols = 0.43
Proanthocyanins = 1.41
ColorIntensity = 7.30
Hue = 0.70
OD280_OD315 = 1.56
Proline = 750
class = 3
dist = 96.42
id = 161
Alcohol = 12.36
MalicAcid = 3.83
Ash = 2.38
AlcalinityOfAsh = 21.00
Magnesium = 88
TotalPhenols = 2.30
Flavanoids = 0.92
NonflavanoidPhenols = 0.50
Proanthocyanins = 1.04
ColorIntensity = 7.65
Hue = 0.56
OD280_OD315 = 1.58
Proline = 520
class = 3
dist = 326.28
id = 168
Alcohol = 12.82
MalicAcid = 3.37
Ash = 2.30
AlcalinityOfAsh = 19.50
Magnesium = 88
TotalPhenols = 1.48
Flavanoids = 0.66
NonflavanoidPhenols = 0.40
Proanthocyanins = 0.97
ColorIntensity = 10.26
Hue = 0.72
OD280_OD315 = 1.75
Proline = 685
class = 3
dist = 162.60
id = 50
Alcohol = 13.94
MalicAcid = 1.73
Ash = 2.27
AlcalinityOfAsh = 17.40
Magnesium = 108
TotalPhenols = 2.88
Flavanoids = 3.54
NonflavanoidPhenols = 0.32
Proanthocyanins = 2.08
ColorIntensity = 8.90
Hue = 1.12
OD280_OD315 = 3.10
Proline = 1260
class = 1
dist = 415.10
id = 55
Alcohol = 13.74
MalicAcid = 1.67
Ash = 2.25
AlcalinityOfAsh = 16.40
Magnesium = 118
TotalPhenols = 2.60
Flavanoids = 2.90
NonflavanoidPhenols = 0.21
Proanthocyanins = 1.62
ColorIntensity = 5.85
Hue = 0.92
OD280_OD315 = 3.20
Proline = 1060
class = 1
dist = 215.02
id = 65
Alcohol = 12.17
MalicAcid = 1.45
Ash = 2.53
AlcalinityOfAsh = 19.00
Magnesium = 104
TotalPhenols = 1.89
Flavanoids = 1.75
NonflavanoidPhenols = 0.45
Proanthocyanins = 1.03
ColorIntensity = 2.95
Hue = 1.45
OD280_OD315 = 2.23
Proline = 355
class = 2
dist = 490.18
id = 107
Alcohol = 12.25
MalicAcid = 1.73
Ash = 2.12
AlcalinityOfAsh = 19.00
Magnesium = 80
TotalPhenols = 1.65
Flavanoids = 2.03
NonflavanoidPhenols = 0.37
Proanthocyanins = 1.63
ColorIntensity = 3.40
Hue = 1.00
OD280_OD315 = 3.17
Proline = 510
class = 2
dist = 336.96
id = 18
Alcohol = 13.83
MalicAcid = 1.57
Ash = 2.62
AlcalinityOfAsh = 20.00
Magnesium = 115
TotalPhenols = 2.95
Flavanoids = 3.40
NonflavanoidPhenols = 0.40
Proanthocyanins = 1.72
ColorIntensity = 6.60
Hue = 1.13
OD280_OD315 = 2.57
Proline = 1130
class = 1
dist = 285.05
id = 86
Alcohol = 12.67
MalicAcid = 0.98
Ash = 2.24
AlcalinityOfAsh = 18.00
Magnesium = 99
TotalPhenols = 2.20
Flavanoids = 1.94
NonflavanoidPhenols = 0.30
Proanthocyanins = 1.46
ColorIntensity = 2.62
Hue = 1.23
OD280_OD315 = 3.16
Proline = 450
class = 2
dist = 395.39
id = 165
Alcohol = 13.78
MalicAcid = 2.76
Ash = 2.30
AlcalinityOfAsh = 22.00
Magnesium = 90
TotalPhenols = 1.35
Flavanoids = 0.68
NonflavanoidPhenols = 0.41
Proanthocyanins = 1.03
ColorIntensity = 9.58
Hue = 0.70
OD280_OD315 = 1.68
Proline = 615
class = 3
dist = 231.63
id = 47
Alcohol = 14.38
MalicAcid = 3.59
Ash = 2.28
AlcalinityOfAsh = 16.00
Magnesium = 102
TotalPhenols = 3.25
Flavanoids = 3.17
NonflavanoidPhenols = 0.27
Proanthocyanins = 2.19
ColorIntensity = 4.90
Hue = 1.04
OD280_OD315 = 3.44
Proline = 1065
class = 1
dist = 220.45
id = 94
Alcohol = 12.29
MalicAcid = 2.83
Ash = 2.22
AlcalinityOfAsh = 18.00
Magnesium = 88
TotalPhenols = 2.45
Flavanoids = 2.25
NonflavanoidPhenols = 0.25
Proanthocyanins = 1.99
ColorIntensity = 2.15
Hue = 1.15
OD280_OD315 = 3.30
Proline = 290
class = 2
dist = 555.72
id = 172
Alcohol = 12.77
MalicAcid = 2.39
Ash = 2.28
AlcalinityOfAsh = 19.50
Magnesium = 86
TotalPhenols = 1.39
Flavanoids = 0.51
NonflavanoidPhenols = 0.48
Proanthocyanins = 0.64
ColorIntensity = 9.90
Hue = 0.57
OD280_OD315 = 1.63
Proline = 470
class = 3
dist = 376.27
id = 118
Alcohol = 12.42
MalicAcid = 1.61
Ash = 2.19
AlcalinityOfAsh = 22.50
Magnesium = 108
TotalPhenols = 2.00
Flavanoids = 2.09
NonflavanoidPhenols = 0.34
Proanthocyanins = 1.61
ColorIntensity = 2.06
Hue = 1.06
OD280_OD315 = 2.96
Proline = 345
class = 2
dist = 500.13
id = 141
Alcohol = 12.93
MalicAcid = 2.81
Ash = 2.70
AlcalinityOfAsh = 21.00
Magnesium = 96
TotalPhenols = 1.54
Flavanoids = 0.50
NonflavanoidPhenols = 0.53
Proanthocyanins = 0.75
ColorIntensity = 4.60
Hue = 0.77
OD280_OD315 = 2.31
Proline = 600
class = 3
dist = 245.91
id = 149
Alcohol = 13.32
MalicAcid = 3.24
Ash = 2.38
AlcalinityOfAsh = 21.50
Magnesium = 92
TotalPhenols = 1.93
Flavanoids = 0.76
NonflavanoidPhenols = 0.45
Proanthocyanins = 1.25
ColorIntensity = 8.42
Hue = 0.55
OD280_OD315 = 1.62
Proline = 650
class = 3
dist = 196.62
id = 51
Alcohol = 13.05
MalicAcid = 1.73
Ash = 2.04
AlcalinityOfAsh = 12.40
Magnesium = 92
TotalPhenols = 2.72
Flavanoids = 3.27
NonflavanoidPhenols = 0.17
Proanthocyanins = 2.91
ColorIntensity = 7.20
Hue = 1.12
OD280_OD315 = 2.91
Proline = 1150
class = 1
dist = 305.97
id = 113
Alcohol = 11.76
MalicAcid = 2.68
Ash = 2.92
AlcalinityOfAsh = 20.00
Magnesium = 103
TotalPhenols = 1.75
Flavanoids = 2.03
NonflavanoidPhenols = 0.60
Proanthocyanins = 1.05
ColorIntensity = 3.80
Hue = 1.23
OD280_OD315 = 2.50
Proline = 607
class = 2
dist = 238.42
id = 106
Alcohol = 12.42
MalicAcid = 2.55
Ash = 2.27
AlcalinityOfAsh = 22.00
Magnesium = 90
TotalPhenols = 1.68
Flavanoids = 1.84
NonflavanoidPhenols = 0.66
Proanthocyanins = 1.42
ColorIntensity = 2.70
Hue = 0.86
OD280_OD315 = 3.30
Proline = 315
class = 2
dist = 530.69
id = 124
Alcohol = 13.05
MalicAcid = 5.80
Ash = 2.13
AlcalinityOfAsh = 21.50
Magnesium = 86
TotalPhenols = 2.62
Flavanoids = 2.65
NonflavanoidPhenols = 0.30
Proanthocyanins = 2.01
ColorIntensity = 2.60
Hue = 0.73
OD280_OD315 = 3.10
Proline = 380
class = 2
dist = 466.02
id = 10
Alcohol = 13.86
MalicAcid = 1.35
Ash = 2.27
AlcalinityOfAsh = 16.00
Magnesium = 98
TotalPhenols = 2.98
Flavanoids = 3.15
NonflavanoidPhenols = 0.22
Proanthocyanins = 1.85
ColorIntensity = 7.22
Hue = 1.01
OD280_OD315 = 3.55
Proline = 1045
class = 1
dist = 200.83
id = 120
Alcohol = 12.00
MalicAcid = 3.43
Ash = 2.00
AlcalinityOfAsh = 19.00
Magnesium = 87
TotalPhenols = 2.00
Flavanoids = 1.64
NonflavanoidPhenols = 0.37
Proanthocyanins = 1.87
ColorIntensity = 1.28
Hue = 0.93
OD280_OD315 = 3.05
Proline = 564
class = 2
dist = 282.55
id = 74
Alcohol = 12.99
MalicAcid = 1.67
Ash = 2.60
AlcalinityOfAsh = 30.00
Magnesium = 139
TotalPhenols = 3.30
Flavanoids = 2.89
NonflavanoidPhenols = 0.21
Proanthocyanins = 1.96
ColorIntensity = 3.35
Hue = 1.31
OD280_OD315 = 3.50
Proline = 985
class = 2
dist = 142.67
id = 95
Alcohol = 11.62
MalicAcid = 1.99
Ash = 2.28
AlcalinityOfAsh = 18.00
Magnesium = 98
TotalPhenols = 3.02
Flavanoids = 2.26
NonflavanoidPhenols = 0.17
Proanthocyanins = 1.35
ColorIntensity = 3.25
Hue = 1.16
OD280_OD315 = 2.96
Proline = 345
class = 2
dist = 500.34
id = 34
Alcohol = 13.76
MalicAcid = 1.53
Ash = 2.70
AlcalinityOfAsh = 19.50
Magnesium = 132
TotalPhenols = 2.95
Flavanoids = 2.74
NonflavanoidPhenols = 0.50
Proanthocyanins = 1.35
ColorIntensity = 5.40
Hue = 1.25
OD280_OD315 = 3.00
Proline = 1235
class = 1
dist = 390.36
id = 152
Alcohol = 12.79
MalicAcid = 2.67
Ash = 2.48
AlcalinityOfAsh = 22.00
Magnesium = 112
TotalPhenols = 1.48
Flavanoids = 1.36
NonflavanoidPhenols = 0.24
Proanthocyanins = 1.26
ColorIntensity = 10.80
Hue = 0.48
OD280_OD315 = 1.47
Proline = 480
class = 3
dist = 365.14
id = 15
Alcohol = 14.38
MalicAcid = 1.87
Ash = 2.38
AlcalinityOfAsh = 12.00
Magnesium = 102
TotalPhenols = 3.30
Flavanoids = 3.64
NonflavanoidPhenols = 0.29
Proanthocyanins = 2.96
ColorIntensity = 7.50
Hue = 1.20
OD280_OD315 = 3.00
Proline = 1547
class = 1
dist = 702.15
id = 26
Alcohol = 13.05
MalicAcid = 2.05
Ash = 3.22
AlcalinityOfAsh = 25.00
Magnesium = 124
TotalPhenols = 2.63
Flavanoids = 2.68
NonflavanoidPhenols = 0.47
Proanthocyanins = 1.92
ColorIntensity = 3.58
Hue = 1.13
OD280_OD315 = 3.20
Proline = 830
class = 1
dist = 19.74
id = 166
Alcohol = 13.73
MalicAcid = 4.36
Ash = 2.26
AlcalinityOfAsh = 22.50
Magnesium = 88
TotalPhenols = 1.28
Flavanoids = 0.47
NonflavanoidPhenols = 0.52
Proanthocyanins = 1.15
ColorIntensity = 6.62
Hue = 0.78
OD280_OD315 = 1.75
Proline = 520
class = 3
dist = 326.31
id = 77
Alcohol = 13.03
MalicAcid = 0.90
Ash = 1.71
AlcalinityOfAsh = 16.00
Magnesium = 86
TotalPhenols = 1.95
Flavanoids = 2.03
NonflavanoidPhenols = 0.24
Proanthocyanins = 1.46
ColorIntensity = 4.60
Hue = 1.19
OD280_OD315 = 2.48
Proline = 392
class = 2
dist = 454.00
id = 5
Alcohol = 13.24
MalicAcid = 2.59
Ash = 2.87
AlcalinityOfAsh = 21.00
Magnesium = 118
TotalPhenols = 2.80
Flavanoids = 2.69
NonflavanoidPhenols = 0.39
Proanthocyanins = 1.82
ColorIntensity = 4.32
Hue = 1.04
OD280_OD315 = 2.93
Proline = 735
class = 1
dist = 110.18
id = 30
Alcohol = 14.02
MalicAcid = 1.68
Ash = 2.21
AlcalinityOfAsh = 16.00
Magnesium = 96
TotalPhenols = 2.65
Flavanoids = 2.33
NonflavanoidPhenols = 0.26
Proanthocyanins = 1.98
ColorIntensity = 4.70
Hue = 1.04
OD280_OD315 = 3.59
Proline = 1035
class = 1
dist = 191.06
id = 9
Alcohol = 14.83
MalicAcid = 1.64
Ash = 2.17
AlcalinityOfAsh = 14.00
Magnesium = 97
TotalPhenols = 2.80
Flavanoids = 2.98
NonflavanoidPhenols = 0.29
Proanthocyanins = 1.98
ColorIntensity = 5.20
Hue = 1.08
OD280_OD315 = 2.85
Proline = 1045
class = 1
dist = 200.91
id = 111
Alcohol = 11.46
MalicAcid = 3.74
Ash = 1.82
AlcalinityOfAsh = 19.50
Magnesium = 107
TotalPhenols = 3.18
Flavanoids = 2.58
NonflavanoidPhenols = 0.24
Proanthocyanins = 3.58
ColorIntensity = 2.90
Hue = 0.75
OD280_OD315 = 2.81
Proline = 562
class = 2
dist = 283.20
id = 45
Alcohol = 13.05
MalicAcid = 1.77
Ash = 2.10
AlcalinityOfAsh = 17.00
Magnesium = 107
TotalPhenols = 3.00
Flavanoids = 3.00
NonflavanoidPhenols = 0.28
Proanthocyanins = 2.03
ColorIntensity = 5.04
Hue = 0.88
OD280_OD315 = 3.35
Proline = 885
class = 1
dist = 41.07
id = 173
Alcohol = 14.16
MalicAcid = 2.51
Ash = 2.48
AlcalinityOfAsh = 20.00
Magnesium = 91
TotalPhenols = 1.68
Flavanoids = 0.70
NonflavanoidPhenols = 0.44
Proanthocyanins = 1.24
ColorIntensity = 9.70
Hue = 0.62
OD280_OD315 = 1.71
Proline = 660
class = 3
dist = 186.83
id = 82
Alcohol = 12.72
MalicAcid = 1.81
Ash = 2.20
AlcalinityOfAsh = 18.80
Magnesium = 86
TotalPhenols = 2.20
Flavanoids = 2.53
NonflavanoidPhenols = 0.26
Proanthocyanins = 1.77
ColorIntensity = 3.90
Hue = 1.16
OD280_OD315 = 3.14
Proline = 714
class = 2
dist = 134.46
id = 57
Alcohol = 14.22
MalicAcid = 1.70
Ash = 2.30
AlcalinityOfAsh = 16.30
Magnesium = 118
TotalPhenols = 3.20
Flavanoids = 3.00
NonflavanoidPhenols = 0.26
Proanthocyanins = 2.03
ColorIntensity = 6.38
Hue = 0.94
OD280_OD315 = 3.31
Proline = 970
class = 1
dist = 125.04
id = 157
Alcohol = 13.84
MalicAcid = 4.12
Ash = 2.38
AlcalinityOfAsh = 19.50
Magnesium = 89
TotalPhenols = 1.80
Flavanoids = 0.83
NonflavanoidPhenols = 0.48
Proanthocyanins = 1.56
ColorIntensity = 9.01
Hue = 0.57
OD280_OD315 = 1.64
Proline = 480
class = 3
dist = 366.06
id = 81
Alcohol = 12.00
MalicAcid = 0.92
Ash = 2.00
AlcalinityOfAsh = 19.00
Magnesium = 86
TotalPhenols = 2.42
Flavanoids = 2.26
NonflavanoidPhenols = 0.30
Proanthocyanins = 1.43
ColorIntensity = 2.50
Hue = 1.38
OD280_OD315 = 3.12
Proline = 278
class = 2
dist = 567.82
id = 171
Alcohol = 12.20
MalicAcid = 3.03
Ash = 2.32
AlcalinityOfAsh = 19.00
Magnesium = 96
TotalPhenols = 1.25
Flavanoids = 0.49
NonflavanoidPhenols = 0.40
Proanthocyanins = 0.73
ColorIntensity = 5.50
Hue = 0.66
OD280_OD315 = 1.83
Proline = 510
class = 3
dist = 335.64
id = 23
Alcohol = 13.71
MalicAcid = 1.86
Ash = 2.36
AlcalinityOfAsh = 16.60
Magnesium = 101
TotalPhenols = 2.61
Flavanoids = 2.88
NonflavanoidPhenols = 0.27
Proanthocyanins = 1.69
ColorIntensity = 3.80
Hue = 1.11
OD280_OD315 = 4.00
Proline = 1035
class = 1
dist = 190.61
id = 100
Alcohol = 12.29
MalicAcid = 3.17
Ash = 2.21
AlcalinityOfAsh = 18.00
Magnesium = 88
TotalPhenols = 2.85
Flavanoids = 2.99
NonflavanoidPhenols = 0.45
Proanthocyanins = 2.81
ColorIntensity = 2.30
Hue = 1.42
OD280_OD315 = 2.83
Proline = 406
class = 2
dist = 439.91
id = 14
Alcohol = 14.75
MalicAcid = 1.73
Ash = 2.39
AlcalinityOfAsh = 11.40
Magnesium = 91
TotalPhenols = 3.10
Flavanoids = 3.69
NonflavanoidPhenols = 0.43
Proanthocyanins = 2.81
ColorIntensity = 5.40
Hue = 1.25
OD280_OD315 = 2.73
Proline = 1150
class = 1
dist = 306.06
id = 151
Alcohol = 13.50
MalicAcid = 3.12
Ash = 2.62
AlcalinityOfAsh = 24.00
Magnesium = 123
TotalPhenols = 1.40
Flavanoids = 1.57
NonflavanoidPhenols = 0.22
Proanthocyanins = 1.25
ColorIntensity = 8.60
Hue = 0.59
OD280_OD315 = 1.30
Proline = 500
class = 3
dist = 345.21
id = 68
Alcohol = 12.37
MalicAcid = 1.17
Ash = 1.92
AlcalinityOfAsh = 19.60
Magnesium = 78
TotalPhenols = 2.11
Flavanoids = 2.00
NonflavanoidPhenols = 0.27
Proanthocyanins = 1.04
ColorIntensity = 4.68
Hue = 1.12
OD280_OD315 = 3.48
Proline = 510
class = 2
dist = 337.19
id = 115
Alcohol = 12.08
MalicAcid = 1.39
Ash = 2.50
AlcalinityOfAsh = 22.50
Magnesium = 84
TotalPhenols = 2.56
Flavanoids = 2.29
NonflavanoidPhenols = 0.43
Proanthocyanins = 1.04
ColorIntensity = 2.90
Hue = 0.93
OD280_OD315 = 3.19
Proline = 385
class = 2
dist = 461.18
id = 83
Alcohol = 12.08
MalicAcid = 1.13
Ash = 2.51
AlcalinityOfAsh = 24.00
Magnesium = 78
TotalPhenols = 2.00
Flavanoids = 1.58
NonflavanoidPhenols = 0.40
Proanthocyanins = 1.40
ColorIntensity = 2.20
Hue = 1.31
OD280_OD315 = 2.72
Proline = 630
class = 2
dist = 218.55
id = 53
Alcohol = 13.82
MalicAcid = 1.75
Ash = 2.42
AlcalinityOfAsh = 14.00
Magnesium = 111
TotalPhenols = 3.88
Flavanoids = 3.74
NonflavanoidPhenols = 0.32
Proanthocyanins = 1.87
ColorIntensity = 7.05
Hue = 1.01
OD280_OD315 = 3.26
Proline = 1190
class = 1
dist = 345.05
id = 72
Alcohol = 13.86
MalicAcid = 1.51
Ash = 2.67
AlcalinityOfAsh = 25.00
Magnesium = 86
TotalPhenols = 2.95
Flavanoids = 2.86
NonflavanoidPhenols = 0.21
Proanthocyanins = 1.87
ColorIntensity = 3.38
Hue = 1.36
OD280_OD315 = 3.16
Proline = 410
class = 2
dist = 436.15
id = 24
Alcohol = 12.85
MalicAcid = 1.60
Ash = 2.52
AlcalinityOfAsh = 17.80
Magnesium = 95
TotalPhenols = 2.48
Flavanoids = 2.37
NonflavanoidPhenols = 0.26
Proanthocyanins = 1.46
ColorIntensity = 3.93
Hue = 1.09
OD280_OD315 = 3.63
Proline = 1015
class = 1
dist = 171.33
id = 17
Alcohol = 14.30
MalicAcid = 1.92
Ash = 2.72
AlcalinityOfAsh = 20.00
Magnesium = 120
TotalPhenols = 2.80
Flavanoids = 3.14
NonflavanoidPhenols = 0.33
Proanthocyanins = 1.97
ColorIntensity = 6.20
Hue = 1.07
OD280_OD315 = 2.65
Proline = 1280
class = 1
dist = 435.05
id = 123
Alcohol = 12.42
MalicAcid = 4.43
Ash = 2.73
AlcalinityOfAsh = 26.50
Magnesium = 102
TotalPhenols = 2.20
Flavanoids = 2.13
NonflavanoidPhenols = 0.43
Proanthocyanins = 1.71
ColorIntensity = 2.08
Hue = 0.92
OD280_OD315 = 3.12
Proline = 365
class = 2
dist = 480.35
id = 110
Alcohol = 11.61
MalicAcid = 1.35
Ash = 2.70
AlcalinityOfAsh = 20.00
Magnesium = 94
TotalPhenols = 2.74
Flavanoids = 2.92
NonflavanoidPhenols = 0.29
Proanthocyanins = 2.49
ColorIntensity = 2.65
Hue = 0.96
OD280_OD315 = 3.26
Proline = 680
class = 2
dist = 166.57
id = 167
Alcohol = 13.45
MalicAcid = 3.70
Ash = 2.60
AlcalinityOfAsh = 23.00
Magnesium = 111
TotalPhenols = 1.70
Flavanoids = 0.92
NonflavanoidPhenols = 0.43
Proanthocyanins = 1.46
ColorIntensity = 10.68
Hue = 0.85
OD280_OD315 = 1.56
Proline = 695
class = 3
dist = 150.42
id = 87
Alcohol = 12.16
MalicAcid = 1.61
Ash = 2.31
AlcalinityOfAsh = 22.80
Magnesium = 90
TotalPhenols = 1.78
Flavanoids = 1.69
NonflavanoidPhenols = 0.43
Proanthocyanins = 1.56
ColorIntensity = 2.45
Hue = 1.33
OD280_OD315 = 2.26
Proline = 495
class = 2
dist = 351.07
id = 99
Alcohol = 12.37
MalicAcid = 1.07
Ash = 2.10
AlcalinityOfAsh = 18.50
Magnesium = 88
TotalPhenols = 3.52
Flavanoids = 3.75
NonflavanoidPhenols = 0.24
Proanthocyanins = 1.95
ColorIntensity = 4.50
Hue = 1.04
OD280_OD315 = 2.77
Proline = 660
class = 2
dist = 187.16
id = 79
Alcohol = 12.33
MalicAcid = 0.99
Ash = 1.95
AlcalinityOfAsh = 14.80
Magnesium = 136
TotalPhenols = 1.90
Flavanoids = 1.85
NonflavanoidPhenols = 0.35
Proanthocyanins = 2.76
ColorIntensity = 3.40
Hue = 1.06
OD280_OD315 = 2.31
Proline = 750
class = 2
dist = 97.15
id = 116
Alcohol = 11.03
MalicAcid = 1.51
Ash = 2.20
AlcalinityOfAsh = 21.50
Magnesium = 85
TotalPhenols = 2.46
Flavanoids = 2.17
NonflavanoidPhenols = 0.52
Proanthocyanins = 2.01
ColorIntensity = 1.90
Hue = 1.71
OD280_OD315 = 2.87
Proline = 407
class = 2
dist = 439.17
id = 40
Alcohol = 14.22
MalicAcid = 3.99
Ash = 2.51
AlcalinityOfAsh = 13.20
Magnesium = 128
TotalPhenols = 3.00
Flavanoids = 3.04
NonflavanoidPhenols = 0.20
Proanthocyanins = 2.08
ColorIntensity = 5.10
Hue = 0.89
OD280_OD315 = 3.53
Proline = 760
class = 1
dist = 85.87
id = 4
Alcohol = 14.37
MalicAcid = 1.95
Ash = 2.50
AlcalinityOfAsh = 16.80
Magnesium = 113
TotalPhenols = 3.85
Flavanoids = 3.49
NonflavanoidPhenols = 0.24
Proanthocyanins = 2.18
ColorIntensity = 7.80
Hue = 0.86
OD280_OD315 = 3.45
Proline = 1480
class = 1
dist = 635.02
id = 144
Alcohol = 13.62
MalicAcid = 4.95
Ash = 2.35
AlcalinityOfAsh = 20.00
Magnesium = 92
TotalPhenols = 2.00
Flavanoids = 0.80
NonflavanoidPhenols = 0.47
Proanthocyanins = 1.02
ColorIntensity = 4.40
Hue = 0.91
OD280_OD315 = 2.05
Proline = 550
class = 3
dist = 296.03
id = 19
Alcohol = 14.19
MalicAcid = 1.59
Ash = 2.48
AlcalinityOfAsh = 16.50
Magnesium = 108
TotalPhenols = 3.30
Flavanoids = 3.93
NonflavanoidPhenols = 0.32
Proanthocyanins = 1.86
ColorIntensity = 8.70
Hue = 1.23
OD280_OD315 = 2.82
Proline = 1680
class = 1
dist = 835.05
id = 169
Alcohol = 13.58
MalicAcid = 2.58
Ash = 2.69
AlcalinityOfAsh = 24.50
Magnesium = 105
TotalPhenols = 1.55
Flavanoids = 0.84
NonflavanoidPhenols = 0.39
Proanthocyanins = 1.54
ColorIntensity = 8.66
Hue = 0.74
OD280_OD315 = 1.80
Proline = 750
class = 3
dist = 96.20
id = 66
Alcohol = 12.37
MalicAcid = 1.21
Ash = 2.56
AlcalinityOfAsh = 18.10
Magnesium = 98
TotalPhenols = 2.42
Flavanoids = 2.65
NonflavanoidPhenols = 0.37
Proanthocyanins = 2.08
ColorIntensity = 4.60
Hue = 1.19
OD280_OD315 = 2.30
Proline = 678
class = 2
dist = 168.01
id = 41
Alcohol = 13.56
MalicAcid = 1.71
Ash = 2.31
AlcalinityOfAsh = 16.20
Magnesium = 117
TotalPhenols = 3.15
Flavanoids = 3.29
NonflavanoidPhenols = 0.34
Proanthocyanins = 2.34
ColorIntensity = 6.13
Hue = 0.95
OD280_OD315 = 3.38
Proline = 795
class = 1
dist = 50.06
id = 11
Alcohol = 14.10
MalicAcid = 2.16
Ash = 2.30
AlcalinityOfAsh = 18.00
Magnesium = 105
TotalPhenols = 2.95
Flavanoids = 3.32
NonflavanoidPhenols = 0.22
Proanthocyanins = 2.38
ColorIntensity = 5.75
Hue = 1.25
OD280_OD315 = 3.17
Proline = 1510
class = 1
dist = 665.10
id = 158
Alcohol = 12.45
MalicAcid = 3.03
Ash = 2.64
AlcalinityOfAsh = 27.00
Magnesium = 97
TotalPhenols = 1.90
Flavanoids = 0.58
NonflavanoidPhenols = 0.63
Proanthocyanins = 1.14
ColorIntensity = 7.50
Hue = 0.67
OD280_OD315 = 1.73
Proline = 880
class = 3
dist = 41.74
id = 42
Alcohol = 13.41
MalicAcid = 3.84
Ash = 2.12
AlcalinityOfAsh = 18.80
Magnesium = 90
TotalPhenols = 2.45
Flavanoids = 2.68
NonflavanoidPhenols = 0.27
Proanthocyanins = 1.48
ColorIntensity = 4.28
Hue = 0.91
OD280_OD315 = 3.00
Proline = 1035
class = 1
dist = 191.81
id = 76
Alcohol = 11.66
MalicAcid = 1.88
Ash = 1.92
AlcalinityOfAsh = 16.00
Magnesium = 97
TotalPhenols = 1.61
Flavanoids = 1.57
NonflavanoidPhenols = 0.34
Proanthocyanins = 1.15
ColorIntensity = 3.80
Hue = 1.23
OD280_OD315 = 2.14
Proline = 428
class = 2
dist = 417.45
id = 46
Alcohol = 14.21
MalicAcid = 4.04
Ash = 2.44
AlcalinityOfAsh = 18.90
Magnesium = 111
TotalPhenols = 2.85
Flavanoids = 2.65
NonflavanoidPhenols = 0.30
Proanthocyanins = 1.25
ColorIntensity = 5.24
Hue = 0.87
OD280_OD315 = 3.33
Proline = 1080
class = 1
dist = 235.09
id = 92
Alcohol = 12.00
MalicAcid = 1.51
Ash = 2.42
AlcalinityOfAsh = 22.00
Magnesium = 86
TotalPhenols = 1.45
Flavanoids = 1.25
NonflavanoidPhenols = 0.50
Proanthocyanins = 1.63
ColorIntensity = 3.60
Hue = 1.05
OD280_OD315 = 2.65
Proline = 450
class = 2
dist = 396.21
id = 7
Alcohol = 14.39
MalicAcid = 1.87
Ash = 2.45
AlcalinityOfAsh = 14.60
Magnesium = 96
TotalPhenols = 2.50
Flavanoids = 2.52
NonflavanoidPhenols = 0.30
Proanthocyanins = 1.98
ColorIntensity = 5.25
Hue = 1.02
OD280_OD315 = 3.58
Proline = 1290
class = 1
dist = 445.45
id = 3
Alcohol = 13.16
MalicAcid = 2.36
Ash = 2.67
AlcalinityOfAsh = 18.60
Magnesium = 101
TotalPhenols = 2.80
Flavanoids = 3.24
NonflavanoidPhenols = 0.30
Proanthocyanins = 2.81
ColorIntensity = 5.68
Hue = 1.03
OD280_OD315 = 3.17
Proline = 1185
class = 1
dist = 340.35
id = 122
Alcohol = 11.56
MalicAcid = 2.05
Ash = 3.23
AlcalinityOfAsh = 28.50
Magnesium = 119
TotalPhenols = 3.18
Flavanoids = 5.08
NonflavanoidPhenols = 0.47
Proanthocyanins = 1.87
ColorIntensity = 6.00
Hue = 0.93
OD280_OD315 = 3.69
Proline = 465
class = 2
dist = 380.26
id = 131
Alcohol = 12.86
MalicAcid = 1.35
Ash = 2.32
AlcalinityOfAsh = 18.00
Magnesium = 122
TotalPhenols = 1.51
Flavanoids = 1.25
NonflavanoidPhenols = 0.21
Proanthocyanins = 0.94
ColorIntensity = 4.10
Hue = 0.76
OD280_OD315 = 1.29
Proline = 630
class = 3
dist = 215.13
id = 59
Alcohol = 13.72
MalicAcid = 1.43
Ash = 2.50
AlcalinityOfAsh = 16.70
Magnesium = 108
TotalPhenols = 3.40
Flavanoids = 3.67
NonflavanoidPhenols = 0.19
Proanthocyanins = 2.04
ColorIntensity = 6.80
Hue = 0.89
OD280_OD315 = 2.87
Proline = 1285
class = 1
dist = 440.08
id = 104
Alcohol = 11.82
MalicAcid = 1.72
Ash = 1.88
AlcalinityOfAsh = 19.50
Magnesium = 86
TotalPhenols = 2.50
Flavanoids = 1.64
NonflavanoidPhenols = 0.37
Proanthocyanins = 1.42
ColorIntensity = 2.06
Hue = 0.94
OD280_OD315 = 2.44
Proline = 415
class = 2
dist = 431.09
id = 145
Alcohol = 12.25
MalicAcid = 3.88
Ash = 2.20
AlcalinityOfAsh = 18.50
Magnesium = 112
TotalPhenols = 1.38
Flavanoids = 0.78
NonflavanoidPhenols = 0.29
Proanthocyanins = 1.14
ColorIntensity = 8.21
Hue = 0.65
OD280_OD315 = 2.00
Proline = 855
class = 3
dist = 12.18
id = 62
Alcohol = 12.64
MalicAcid = 1.36
Ash = 2.02
AlcalinityOfAsh = 16.80
Magnesium = 100
TotalPhenols = 2.02
Flavanoids = 1.41
NonflavanoidPhenols = 0.53
Proanthocyanins = 0.62
ColorIntensity = 5.75
Hue = 0.98
OD280_OD315 = 1.59
Proline = 450
class = 2
dist = 395.34
id = 148
Alcohol = 12.87
MalicAcid = 4.61
Ash = 2.48
AlcalinityOfAsh = 21.50
Magnesium = 86
TotalPhenols = 1.70
Flavanoids = 0.65
NonflavanoidPhenols = 0.47
Proanthocyanins = 0.86
ColorIntensity = 7.65
Hue = 0.54
OD280_OD315 = 1.86
Proline = 625
class = 3
dist = 222.17
id = 150
Alcohol = 13.08
MalicAcid = 3.90
Ash = 2.36
AlcalinityOfAsh = 21.50
Magnesium = 113
TotalPhenols = 1.41
Flavanoids = 1.39
NonflavanoidPhenols = 0.34
Proanthocyanins = 1.14
ColorIntensity = 9.40
Hue = 0.57
OD280_OD315 = 1.33
Proline = 550
class = 3
dist = 295.13
id = 12
Alcohol = 14.12
MalicAcid = 1.48
Ash = 2.32
AlcalinityOfAsh = 16.80
Magnesium = 95
TotalPhenols = 2.20
Flavanoids = 2.43
NonflavanoidPhenols = 0.26
Proanthocyanins = 1.57
ColorIntensity = 5.00
Hue = 1.17
OD280_OD315 = 2.82
Proline = 1280
class = 1
dist = 435.51
id = 129
Alcohol = 12.37
MalicAcid = 1.63
Ash = 2.30
AlcalinityOfAsh = 24.50
Magnesium = 88
TotalPhenols = 2.22
Flavanoids = 2.45
NonflavanoidPhenols = 0.40
Proanthocyanins = 1.90
ColorIntensity = 2.12
Hue = 0.89
OD280_OD315 = 2.78
Proline = 342
class = 2
dist = 503.88
id = 61
Alcohol = 12.33
MalicAcid = 1.10
Ash = 2.28
AlcalinityOfAsh = 16.00
Magnesium = 101
TotalPhenols = 2.05
Flavanoids = 1.09
NonflavanoidPhenols = 0.63
Proanthocyanins = 0.41
ColorIntensity = 3.27
Hue = 1.25
OD280_OD315 = 1.67
Proline = 680
class = 2
dist = 165.74
id = 69
Alcohol = 13.34
MalicAcid = 0.94
Ash = 2.36
AlcalinityOfAsh = 17.00
Magnesium = 110
TotalPhenols = 2.53
Flavanoids = 1.30
NonflavanoidPhenols = 0.55
Proanthocyanins = 0.42
ColorIntensity = 3.17
Hue = 1.02
OD280_OD315 = 1.93
Proline = 750
class = 2
dist = 95.29
id = 142
Alcohol = 13.36
MalicAcid = 2.56
Ash = 2.35
AlcalinityOfAsh = 20.00
Magnesium = 89
TotalPhenols = 1.40
Flavanoids = 0.50
NonflavanoidPhenols = 0.37
Proanthocyanins = 0.64
ColorIntensity = 5.60
Hue = 0.70
OD280_OD315 = 2.47
Proline = 780
class = 3
dist = 70.62
id = 29
Alcohol = 13.87
MalicAcid = 1.90
Ash = 2.80
AlcalinityOfAsh = 19.40
Magnesium = 107
TotalPhenols = 2.95
Flavanoids = 2.97
NonflavanoidPhenols = 0.37
Proanthocyanins = 1.76
ColorIntensity = 4.50
Hue = 1.25
OD280_OD315 = 3.40
Proline = 915
class = 1
dist = 70.72
id = 117
Alcohol = 11.82
MalicAcid = 1.47
Ash = 1.99
AlcalinityOfAsh = 20.80
Magnesium = 86
TotalPhenols = 1.98
Flavanoids = 1.60
NonflavanoidPhenols = 0.30
Proanthocyanins = 1.53
ColorIntensity = 1.95
Hue = 0.95
OD280_OD315 = 3.33
Proline = 495
class = 2
dist = 351.35
id = 1
Alcohol = 14.23
MalicAcid = 1.71
Ash = 2.43
AlcalinityOfAsh = 15.60
Magnesium = 127
TotalPhenols = 2.80
Flavanoids = 3.06
NonflavanoidPhenols = 0.28
Proanthocyanins = 2.29
ColorIntensity = 5.64
Hue = 1.04
OD280_OD315 = 3.92
Proline = 1065
class = 1
dist = 220.28
id = 48
Alcohol = 13.90
MalicAcid = 1.68
Ash = 2.12
AlcalinityOfAsh = 16.00
Magnesium = 101
TotalPhenols = 3.10
Flavanoids = 3.39
NonflavanoidPhenols = 0.21
Proanthocyanins = 2.14
ColorIntensity = 6.10
Hue = 0.91
OD280_OD315 = 3.33
Proline = 985
class = 1
dist = 140.82
id = 43
Alcohol = 13.88
MalicAcid = 1.89
Ash = 2.59
AlcalinityOfAsh = 15.00
Magnesium = 101
TotalPhenols = 3.25
Flavanoids = 3.56
NonflavanoidPhenols = 0.17
Proanthocyanins = 1.70
ColorIntensity = 5.43
Hue = 0.88
OD280_OD315 = 3.56
Proline = 1095
class = 1
dist = 250.45
id = 52
Alcohol = 13.83
MalicAcid = 1.65
Ash = 2.60
AlcalinityOfAsh = 17.20
Magnesium = 94
TotalPhenols = 2.45
Flavanoids = 2.99
NonflavanoidPhenols = 0.22
Proanthocyanins = 2.29
ColorIntensity = 5.60
Hue = 1.24
OD280_OD315 = 3.37
Proline = 1265
class = 1
dist = 420.58
id = 73
Alcohol = 13.49
MalicAcid = 1.66
Ash = 2.24
AlcalinityOfAsh = 24.00
Magnesium = 87
TotalPhenols = 1.88
Flavanoids = 1.84
NonflavanoidPhenols = 0.27
Proanthocyanins = 1.03
ColorIntensity = 3.74
Hue = 0.98
OD280_OD315 = 2.78
Proline = 472
class = 2
dist = 374.24
id = 28
Alcohol = 13.30
MalicAcid = 1.72
Ash = 2.14
AlcalinityOfAsh = 17.00
Magnesium = 94
TotalPhenols = 2.40
Flavanoids = 2.19
NonflavanoidPhenols = 0.27
Proanthocyanins = 1.35
ColorIntensity = 3.95
Hue = 1.02
OD280_OD315 = 2.77
Proline = 1285
class = 1
dist = 440.56
id = 126
Alcohol = 12.07
MalicAcid = 2.16
Ash = 2.17
AlcalinityOfAsh = 21.00
Magnesium = 85
TotalPhenols = 2.60
Flavanoids = 2.65
NonflavanoidPhenols = 0.37
Proanthocyanins = 1.35
ColorIntensity = 2.76
Hue = 0.86
OD280_OD315 = 3.28
Proline = 378
class = 2
dist = 468.07
id = 22
Alcohol = 12.93
MalicAcid = 3.80
Ash = 2.65
AlcalinityOfAsh = 18.60
Magnesium = 102
TotalPhenols = 2.41
Flavanoids = 2.41
NonflavanoidPhenols = 0.25
Proanthocyanins = 1.98
ColorIntensity = 4.50
Hue = 1.03
OD280_OD315 = 3.52
Proline = 770
class = 1
dist = 76.38
id = 54
Alcohol = 13.77
MalicAcid = 1.90
Ash = 2.68
AlcalinityOfAsh = 17.10
Magnesium = 115
TotalPhenols = 3.00
Flavanoids = 2.79
NonflavanoidPhenols = 0.39
Proanthocyanins = 1.68
ColorIntensity = 6.30
Hue = 1.13
OD280_OD315 = 2.93
Proline = 1375
class = 1
dist = 530.01
id = 8
Alcohol = 14.06
MalicAcid = 2.15
Ash = 2.61
AlcalinityOfAsh = 17.60
Magnesium = 121
TotalPhenols = 2.60
Flavanoids = 2.51
NonflavanoidPhenols = 0.31
Proanthocyanins = 1.25
ColorIntensity = 5.05
Hue = 1.06
OD280_OD315 = 3.58
Proline = 1295
class = 1
dist = 450.04
id = 176
Alcohol = 13.27
MalicAcid = 4.28
Ash = 2.26
AlcalinityOfAsh = 20.00
Magnesium = 120
TotalPhenols = 1.59
Flavanoids = 0.69
NonflavanoidPhenols = 0.43
Proanthocyanins = 1.35
ColorIntensity = 10.20
Hue = 0.59
OD280_OD315 = 1.56
Proline = 835
class = 3
dist = 13.30
id = 85
Alcohol = 11.84
MalicAcid = 0.89
Ash = 2.58
AlcalinityOfAsh = 18.00
Magnesium = 94
TotalPhenols = 2.20
Flavanoids = 2.21
NonflavanoidPhenols = 0.22
Proanthocyanins = 2.35
ColorIntensity = 3.05
Hue = 0.79
OD280_OD315 = 3.08
Proline = 520
class = 2
dist = 325.78
id = 16
Alcohol = 13.63
MalicAcid = 1.81
Ash = 2.70
AlcalinityOfAsh = 17.20
Magnesium = 112
TotalPhenols = 2.85
Flavanoids = 2.91
NonflavanoidPhenols = 0.30
Proanthocyanins = 1.46
ColorIntensity = 7.30
Hue = 1.28
OD280_OD315 = 2.88
Proline = 1310
class = 1
dist = 465.03
id = 121
Alcohol = 11.45
MalicAcid = 2.40
Ash = 2.42
AlcalinityOfAsh = 20.00
Magnesium = 96
TotalPhenols = 2.90
Flavanoids = 2.79
NonflavanoidPhenols = 0.32
Proanthocyanins = 1.83
ColorIntensity = 3.25
Hue = 0.80
OD280_OD315 = 3.39
Proline = 625
class = 2
dist = 220.98
id = 89
Alcohol = 11.64
MalicAcid = 2.06
Ash = 2.46
AlcalinityOfAsh = 21.60
Magnesium = 84
TotalPhenols = 1.95
Flavanoids = 1.69
NonflavanoidPhenols = 0.48
Proanthocyanins = 1.35
ColorIntensity = 2.80
Hue = 1.00
OD280_OD315 = 2.75
Proline = 680
class = 2
dist = 168.24
id = 2
Alcohol = 13.20
MalicAcid = 1.78
Ash = 2.14
AlcalinityOfAsh = 11.20
Magnesium = 100
TotalPhenols = 2.65
Flavanoids = 2.76
NonflavanoidPhenols = 0.26
Proanthocyanins = 1.28
ColorIntensity = 4.38
Hue = 1.05
OD280_OD315 = 3.40
Proline = 1050
class = 1
dist = 205.67
id = 130
Alcohol = 12.04
MalicAcid = 4.30
Ash = 2.38
AlcalinityOfAsh = 22.00
Magnesium = 80
TotalPhenols = 2.10
Flavanoids = 1.75
NonflavanoidPhenols = 0.42
Proanthocyanins = 1.35
ColorIntensity = 2.60
Hue = 0.79
OD280_OD315 = 2.57
Proline = 580
class = 2
dist = 267.55
id = 134
Alcohol = 12.70
MalicAcid = 3.55
Ash = 2.36
AlcalinityOfAsh = 21.50
Magnesium = 106
TotalPhenols = 1.70
Flavanoids = 1.20
NonflavanoidPhenols = 0.17
Proanthocyanins = 0.84
ColorIntensity = 5.00
Hue = 0.78
OD280_OD315 = 1.29
Proline = 600
class = 3
dist = 245.31
id = 56
Alcohol = 13.56
MalicAcid = 1.73
Ash = 2.46
AlcalinityOfAsh = 20.50
Magnesium = 116
TotalPhenols = 2.96
Flavanoids = 2.78
NonflavanoidPhenols = 0.20
Proanthocyanins = 2.45
ColorIntensity = 6.25
Hue = 0.98
OD280_OD315 = 3.03
Proline = 1120
class = 1
dist = 275.06
id = 35
Alcohol = 13.51
MalicAcid = 1.80
Ash = 2.65
AlcalinityOfAsh = 19.00
Magnesium = 110
TotalPhenols = 2.35
Flavanoids = 2.53
NonflavanoidPhenols = 0.29
Proanthocyanins = 1.54
ColorIntensity = 4.20
Hue = 1.10
OD280_OD315 = 2.87
Proline = 1095
class = 1
dist = 250.11
