id = 145
Alcohol = 12.25
MalicAcid = 3.88
Ash = 2.20
AlcalinityOfAsh = 18.50
Magnesium = 112
TotalPhenols = 1.38
Flavanoids = 0.78
NonflavanoidPhenols = 0.29
Proanthocyanins = 1.14
ColorIntensity = 8.21
Hue = 0.65
OD280_OD315 = 2.00
Proline = 855
class = 3
dist = 12.18
id = 176
Alcohol = 13.27
MalicAcid = 4.28
Ash = 2.26
AlcalinityOfAsh = 20.00
Magnesium = 120
TotalPhenols = 1.59
Flavanoids = 0.69
NonflavanoidPhenols = 0.43
Proanthocyanins = 1.35
ColorIntensity = 10.20
Hue = 0.59
OD280_OD315 = 1.56
Proline = 835
class = 3
dist = 13.30
id = 26
Alcohol = 13.05
MalicAcid = 2.05
Ash = 3.22
AlcalinityOfAsh = 25.00
Magnesium = 124
TotalPhenols = 2.63
Flavanoids = 2.68
NonflavanoidPhenols = 0.47
Proanthocyanins = 1.92
ColorIntensity = 3.58
Hue = 1.13
OD280_OD315 = 3.20
Proline = 830
class = 1
dist = 19.74
