id = 39
sepal_length = 4.40
sepal_width = 3.00
petal_length = 1.30
petal_width = 0.20
species = setosa
dist = 0.24
id = 43
sepal_length = 4.40
sepal_width = 3.20
petal_length = 1.30
petal_width = 0.20
species = setosa
dist = 0.32
id = 9
sepal_length = 4.40
sepal_width = 2.90
petal_length = 1.40
petal_width = 0.20
species = setosa
dist = 0.35
id = 22
sepal_length = 5.10
sepal_width = 3.70
petal_length = 1.50
petal_width = 0.40
species = setosa
dist = 1.17
id = 135
sepal_length = 6.10
sepal_width = 2.60
petal_length = 5.60
petal_width = 1.40
species = virginica
dist = 5.03
id = 112
sepal_length = 6.40
sepal_width = 2.70
petal_length = 5.30
petal_width = 1.90
species = virginica
dist = 5.04
id = 69
sepal_length = 6.20
sepal_width = 2.20
petal_length = 4.50
petal_width = 1.50
species = versicolor
dist = 4.22
id = 111
sepal_length = 6.50
sepal_width = 3.20
petal_length = 5.10
petal_width = 2.00
species = virginica
dist = 4.95
id = 7
sepal_length = 4.60
sepal_width = 3.40
petal_length = 1.40
petal_width = 0.30
species = setosa
dist = 0.62
id = 74
sepal_length = 6.10
sepal_width = 2.80
petal_length = 4.70
petal_width = 1.20
species = versicolor
dist = 4.18
id = 62
sepal_length = 5.90
sepal_width = 3.00
petal_length = 4.20
petal_width = 1.50
species = versicolor
dist = 3.76
id = 84
sepal_length = 6.00
sepal_width = 2.70
petal_length = 5.10
petal_width = 1.60
species = versicolor
dist = 4.61
id = 57
sepal_length = 6.30
sepal_width = 3.30
petal_length = 4.70
petal_width = 1.60
species = versicolor
dist = 4.39
id = 87
sepal_length = 6.70
sepal_width = 3.10
petal_length = 4.70
petal_width = 1.50
species = versicolor
dist = 4.55
id = 68
sepal_length = 5.80
sepal_width = 2.70
petal_length = 4.10
petal_width = 1.00
species = versicolor
dist = 3.49
id = 75
sepal_length = 6.40
sepal_width = 2.90
petal_length = 4.30
petal_width = 1.30
species = versicolor
dist = 4.01
id = 147
sepal_length = 6.30
sepal_width = 2.50
petal_length = 5.00
petal_width = 1.90
species = virginica
dist = 4.76
id = 132
sepal_length = 7.90
sepal_width = 3.80
petal_length = 6.40
petal_width = 2.00
species = virginica
dist = 6.73
id = 52
sepal_length = 6.40
sepal_width = 3.20
petal_length = 4.50
petal_width = 1.50
species = versicolor
dist = 4.24
id = 120
sepal_length = 6.00
sepal_width = 2.20
petal_length = 5.00
petal_width = 1.50
species = virginica
dist = 4.55
id = 21
sepal_length = 5.40
sepal_width = 3.40
petal_length = 1.70
petal_width = 0.20
species = setosa
dist = 1.32
id = 54
sepal_length = 5.50
sepal_width = 2.30
petal_length = 4.00
petal_width = 1.30
species = versicolor
dist = 3.43
id = 24
sepal_length = 5.10
sepal_width = 3.30
petal_length = 1.70
petal_width = 0.50
species = setosa
dist = 1.12
id = 46
sepal_length = 4.80
sepal_width = 3.00
petal_length = 1.40
petal_width = 0.30
species = setosa
dist = 0.62
id = 133
sepal_length = 6.40
sepal_width = 2.80
petal_length = 5.60
petal_width = 2.20
species = virginica
dist = 5.40
id = 15
sepal_length = 5.80
sepal_width = 4.00
petal_length = 1.20
petal_width = 0.20
species = setosa
dist = 1.81
id = 139
sepal_length = 6.00
sepal_width = 3.00
petal_length = 4.80
petal_width = 1.80
species = virginica
dist = 4.41
id = 114
sepal_length = 5.70
sepal_width = 2.50
petal_length = 5.00
petal_width = 2.00
species = virginica
dist = 4.59
id = 107
sepal_length = 4.90
sepal_width = 2.50
petal_length = 4.50
petal_width = 1.70
species = virginica
dist = 3.84
id = 66
sepal_length = 6.70
sepal_width = 3.10
petal_length = 4.40
petal_width = 1.40
species = versicolor
dist = 4.28
id = 5
sepal_length = 5.00
sepal_width = 3.60
petal_length = 1.40
petal_width = 0.20
species = setosa
dist = 0.97
id = 70
sepal_length = 5.60
sepal_width = 2.50
petal_length = 3.90
petal_width = 1.10
species = versicolor
dist = 3.28
id = 82
sepal_length = 5.50
sepal_width = 2.40
petal_length = 3.70
petal_width = 1.00
species = versicolor
dist = 3.06
id = 103
sepal_length = 7.10
sepal_width = 3.00
petal_length = 5.90
petal_width = 2.10
species = virginica
dist = 5.91
id = 59
sepal_length = 6.60
sepal_width = 2.90
petal_length = 4.60
petal_width = 1.30
species = versicolor
dist = 4.36
id = 148
sepal_length = 6.50
sepal_width = 3.00
petal_length = 5.20
petal_width = 2.00
species = virginica
dist = 5.03
id = 101
sepal_length = 6.30
sepal_width = 3.30
petal_length = 6.00
petal_width = 2.50
species = virginica
dist = 5.82
id = 127
sepal_length = 6.20
sepal_width = 2.80
petal_length = 4.80
petal_width = 1.80
species = virginica
dist = 4.50
id = 137
sepal_length = 6.30
sepal_width = 3.40
petal_length = 5.60
petal_width = 2.40
species = virginica
dist = 5.45
id = 56
sepal_length = 5.70
sepal_width = 2.80
petal_length = 4.50
petal_width = 1.30
species = versicolor
dist = 3.87
id = 26
sepal_length = 5.00
sepal_width = 3.00
petal_length = 1.60
petal_width = 0.20
species = setosa
dist = 0.87
id = 42
sepal_length = 4.50
sepal_width = 2.30
petal_length = 1.30
petal_width = 0.30
species = setosa
dist = 0.78
id = 37
sepal_length = 5.50
sepal_width = 3.50
petal_length = 1.30
petal_width = 0.20
species = setosa
dist = 1.32
id = 10
sepal_length = 4.90
sepal_width = 3.10
petal_length = 1.50
petal_width = 0.10
species = setosa
dist = 0.73
id = 73
sepal_length = 6.30
sepal_width = 2.50
petal_length = 4.90
petal_width = 1.50
species = versicolor
dist = 4.54
id = 13
sepal_length = 4.80
sepal_width = 3.00
petal_length = 1.40
petal_width = 0.10
species = setosa
dist = 0.58
id = 102
sepal_length = 5.80
sepal_width = 2.70
petal_length = 5.10
petal_width = 1.90
species = virginica
dist = 4.65
id = 118
sepal_length = 7.70
sepal_width = 3.80
petal_length = 6.70
petal_width = 2.20
species = virginica
dist = 6.93
id = 47
sepal_length = 5.10
sepal_width = 3.80
petal_length = 1.60
petal_width = 0.20
species = setosa
dist = 1.24
id = 40
sepal_length = 5.10
sepal_width = 3.40
petal_length = 1.50
petal_width = 0.20
species = setosa
dist = 0.98
id = 23
sepal_length = 4.60
sepal_width = 3.60
petal_length = 1.00
petal_width = 0.20
species = setosa
dist = 0.69
id = 94
sepal_length = 5.00
sepal_width = 2.30
petal_length = 3.30
petal_width = 1.00
species = versicolor
dist = 2.57
id = 33
sepal_length = 5.20
sepal_width = 4.10
petal_length = 1.50
petal_width = 0.10
species = setosa
dist = 1.48
id = 97
sepal_length = 5.70
sepal_width = 2.90
petal_length = 4.20
petal_width = 1.30
species = versicolor
dist = 3.61
id = 53
sepal_length = 6.90
sepal_width = 3.10
petal_length = 4.90
petal_width = 1.50
species = versicolor
dist = 4.81
id = 116
sepal_length = 6.40
sepal_width = 3.20
petal_length = 5.30
petal_width = 2.30
species = virginica
dist = 5.19
id = 61
sepal_length = 5.00
sepal_width = 2.00
petal_length = 3.50
petal_width = 1.00
species = versicolor
dist = 2.84
id = 58
sepal_length = 4.90
sepal_width = 2.40
petal_length = 3.30
petal_width = 1.00
species = versicolor
dist = 2.52
id = 144
sepal_length = 6.80
sepal_width = 3.20
petal_length = 5.90
petal_width = 2.30
species = virginica
dist = 5.85
id = 63
sepal_length = 6.00
sepal_width = 2.20
petal_length = 4.00
petal_width = 1.00
species = versicolor
dist = 3.57
id = 38
sepal_length = 4.90
sepal_width = 3.60
petal_length = 1.40
petal_width = 0.10
species = setosa
dist = 0.90
id = 49
sepal_length = 5.30
sepal_width = 3.70
petal_length = 1.50
petal_width = 0.20
species = setosa
dist = 1.29
id = 44
sepal_length = 5.00
sepal_width = 3.50
petal_length = 1.60
petal_width = 0.60
species = setosa
dist = 1.11
id = 140
sepal_length = 6.90
sepal_width = 3.10
petal_length = 5.40
petal_width = 2.10
species = virginica
dist = 5.41
id = 45
sepal_length = 5.10
sepal_width = 3.80
petal_length = 1.90
petal_width = 0.40
species = setosa
dist = 1.42
id = 41
sepal_length = 5.00
sepal_width = 3.50
petal_length = 1.30
petal_width = 0.30
species = setosa
dist = 0.91
id = 90
sepal_length = 5.50
sepal_width = 2.50
petal_length = 4.00
petal_width = 1.30
species = versicolor
dist = 3.40
id = 3
sepal_length = 4.70
sepal_width = 3.20
petal_length = 1.30
petal_width = 0.20
species = setosa
dist = 0.50
id = 79
sepal_length = 6.00
sepal_width = 2.90
petal_length = 4.50
petal_width = 1.50
species = versicolor
dist = 4.05
id = 117
sepal_length = 6.50
sepal_width = 3.00
petal_length = 5.50
petal_width = 1.80
species = virginica
dist = 5.20
id = 91
sepal_length = 5.50
sepal_width = 2.60
petal_length = 4.40
petal_width = 1.20
species = versicolor
dist = 3.70
id = 100
sepal_length = 5.70
sepal_width = 2.80
petal_length = 4.10
petal_width = 1.30
species = versicolor
dist = 3.53
id = 34
sepal_length = 5.50
sepal_width = 4.20
petal_length = 1.40
petal_width = 0.20
species = setosa
dist = 1.73
id = 138
sepal_length = 6.40
sepal_width = 3.10
petal_length = 5.50
petal_width = 1.80
species = virginica
dist = 5.16
id = 129
sepal_length = 6.40
sepal_width = 2.80
petal_length = 5.60
petal_width = 2.10
species = virginica
dist = 5.36
id = 95
sepal_length = 5.60
sepal_width = 2.70
petal_length = 4.20
petal_width = 1.30
species = versicolor
dist = 3.58
id = 43
sepal_length = 4.40
sepal_width = 3.20
petal_length = 1.30
petal_width = 0.20
species = setosa
dist = 0.32
id = 123
sepal_length = 7.70
sepal_width = 2.80
petal_length = 6.70
petal_width = 2.00
species = virginica
dist = 6.82
id = 109
sepal_length = 6.70
sepal_width = 2.50
petal_length = 5.80
petal_width = 1.80
species = virginica
dist = 5.57
id = 30
sepal_length = 4.70
sepal_width = 3.20
petal_length = 1.60
petal_width = 0.20
species = setosa
dist = 0.68
id = 29
sepal_length = 5.20
sepal_width = 3.40
petal_length = 1.40
petal_width = 0.20
species = setosa
dist = 1.03
id = 126
sepal_length = 7.20
sepal_width = 3.20
petal_length = 6.00
petal_width = 1.80
species = virginica
dist = 5.95
id = 106
sepal_length = 7.60
sepal_width = 3.00
petal_length = 6.60
petal_width = 2.10
species = virginica
dist = 6.72
id = 93
sepal_length = 5.80
sepal_width = 2.60
petal_length = 4.00
petal_width = 1.20
species = versicolor
dist = 3.47
id = 64
sepal_length = 6.10
sepal_width = 2.90
petal_length = 4.70
petal_width = 1.40
species = versicolor
dist = 4.23
id = 92
sepal_length = 6.10
sepal_width = 3.00
petal_length = 4.60
petal_width = 1.40
species = versicolor
dist = 4.14
id = 149
sepal_length = 6.20
sepal_width = 3.40
petal_length = 5.40
petal_width = 2.30
species = virginica
dist = 5.21
id = 50
sepal_length = 5.00
sepal_width = 3.30
petal_length = 1.40
petal_width = 0.20
species = setosa
dist = 0.82
id = 119
sepal_length = 7.70
sepal_width = 2.60
petal_length = 6.90
petal_width = 2.30
species = virginica
dist = 7.09
id = 85
sepal_length = 5.40
sepal_width = 3.00
petal_length = 4.50
petal_width = 1.50
species = versicolor
dist = 3.84
id = 9
sepal_length = 4.40
sepal_width = 2.90
petal_length = 1.40
petal_width = 0.20
species = setosa
dist = 0.35
id = 36
sepal_length = 5.00
sepal_width = 3.20
petal_length = 1.20
petal_width = 0.20
species = setosa
dist = 0.74
id = 19
sepal_length = 5.70
sepal_width = 3.80
petal_length = 1.70
petal_width = 0.30
species = setosa
dist = 1.73
id = 4
sepal_length = 4.60
sepal_width = 3.10
petal_length = 1.50
petal_width = 0.20
species = setosa
dist = 0.52
id = 20
sepal_length = 5.10
sepal_width = 3.80
petal_length = 1.50
petal_width = 0.30
species = setosa
dist = 1.22
id = 12
sepal_length = 4.80
sepal_width = 3.40
petal_length = 1.60
petal_width = 0.20
species = setosa
dist = 0.82
id = 89
sepal_length = 5.60
sepal_width = 3.00
petal_length = 4.10
petal_width = 1.30
species = versicolor
dist = 3.48
id = 72
sepal_length = 6.10
sepal_width = 2.80
petal_length = 4.00
petal_width = 1.30
species = versicolor
dist = 3.62
id = 78
sepal_length = 6.70
sepal_width = 3.00
petal_length = 5.00
petal_width = 1.70
species = versicolor
dist = 4.85
id = 2
sepal_length = 4.90
sepal_width = 3.00
petal_length = 1.40
petal_width = 0.20
species = setosa
dist = 0.68
id = 77
sepal_length = 6.80
sepal_width = 2.80
petal_length = 4.80
petal_width = 1.40
species = versicolor
dist = 4.66
id = 55
sepal_length = 6.50
sepal_width = 2.80
petal_length = 4.60
petal_width = 1.50
species = versicolor
dist = 4.37
id = 115
sepal_length = 5.80
sepal_width = 2.80
petal_length = 5.10
petal_width = 2.40
species = virginica
dist = 4.86
id = 51
sepal_length = 7.00
sepal_width = 3.20
petal_length = 4.70
petal_width = 1.40
species = versicolor
dist = 4.69
id = 86
sepal_length = 6.00
sepal_width = 3.40
petal_length = 4.50
petal_width = 1.60
species = versicolor
dist = 4.11
id = 31
sepal_length = 4.80
sepal_width = 3.10
petal_length = 1.60
petal_width = 0.20
species = setosa
dist = 0.72
id = 134
sepal_length = 6.30
sepal_width = 2.80
petal_length = 5.10
petal_width = 1.50
species = virginica
dist = 4.69
id = 141
sepal_length = 6.70
sepal_width = 3.10
petal_length = 5.60
petal_width = 2.40
species = virginica
dist = 5.60
id = 105
sepal_length = 6.50
sepal_width = 3.00
petal_length = 5.80
petal_width = 2.20
species = virginica
dist = 5.60
id = 136
sepal_length = 7.70
sepal_width = 3.00
petal_length = 6.10
petal_width = 2.30
species = virginica
dist = 6.43
id = 67
sepal_length = 5.60
sepal_width = 3.00
petal_length = 4.50
petal_width = 1.50
species = versicolor
dist = 3.90
id = 35
sepal_length = 4.90
sepal_width = 3.10
petal_length = 1.50
petal_width = 0.20
species = setosa
dist = 0.73
id = 65
sepal_length = 5.60
sepal_width = 2.90
petal_length = 3.60
petal_width = 1.30
species = versicolor
dist = 3.06
id = 16
sepal_length = 5.70
sepal_width = 4.40
petal_length = 1.50
petal_width = 0.40
species = setosa
dist = 2.04
id = 32
sepal_length = 5.40
sepal_width = 3.40
petal_length = 1.50
petal_width = 0.40
species = setosa
dist = 1.27
id = 88
sepal_length = 6.30
sepal_width = 2.30
petal_length = 4.40
petal_width = 1.30
species = versicolor
dist = 4.10
id = 11
sepal_length = 5.40
sepal_width = 3.70
petal_length = 1.50
petal_width = 0.20
species = setosa
dist = 1.37
id = 121
sepal_length = 6.90
sepal_width = 3.20
petal_length = 5.70
petal_width = 2.30
species = virginica
dist = 5.73
id = 39
sepal_length = 4.40
sepal_width = 3.00
petal_length = 1.30
petal_width = 0.20
species = setosa
dist = 0.24
id = 8
sepal_length = 5.00
sepal_width = 3.40
petal_length = 1.50
petal_width = 0.20
species = setosa
dist = 0.91
id = 113
sepal_length = 6.80
sepal_width = 3.00
petal_length = 5.50
petal_width = 2.10
species = virginica
dist = 5.44
id = 96
sepal_length = 5.70
sepal_width = 3.00
petal_length = 4.20
petal_width = 1.20
species = versicolor
dist = 3.57
id = 99
sepal_length = 5.10
sepal_width = 2.50
petal_length = 3.00
petal_width = 1.10
species = versicolor
dist = 2.35
id = 150
sepal_length = 5.90
sepal_width = 3.00
petal_length = 5.10
petal_width = 1.80
species = virginica
dist = 4.63
id = 83
sepal_length = 5.80
sepal_width = 2.70
petal_length = 3.90
petal_width = 1.20
species = versicolor
dist = 3.37
id = 143
sepal_length = 5.80
sepal_width = 2.70
petal_length = 5.10
petal_width = 1.90
species = virginica
dist = 4.65
id = 130
sepal_length = 7.20
sepal_width = 3.00
petal_length = 5.80
petal_width = 1.60
species = virginica
dist = 5.72
id = 71
sepal_length = 5.90
sepal_width = 3.20
petal_length = 4.80
petal_width = 1.80
species = versicolor
dist = 4.38
id = 128
sepal_length = 6.10
sepal_width = 3.00
petal_length = 4.90
petal_width = 1.80
species = virginica
dist = 4.54
id = 146
sepal_length = 6.70
sepal_width = 3.00
petal_length = 5.20
petal_width = 2.30
species = virginica
dist = 5.24
id = 98
sepal_length = 6.20
sepal_width = 2.90
petal_length = 4.30
petal_width = 1.30
species = versicolor
dist = 3.91
id = 108
sepal_length = 7.30
sepal_width = 2.90
petal_length = 6.30
petal_width = 1.80
species = virginica
dist = 6.24
id = 122
sepal_length = 5.60
sepal_width = 2.80
petal_length = 4.90
petal_width = 2.00
species = virginica
dist = 4.45
id = 6
sepal_length = 5.40
sepal_width = 3.90
petal_length = 1.70
petal_width = 0.40
species = setosa
dist = 1.57
id = 60
sepal_length = 5.20
sepal_width = 2.70
petal_length = 3.90
petal_width = 1.40
species = versicolor
dist = 3.23
id = 48
sepal_length = 4.60
sepal_width = 3.20
petal_length = 1.40
petal_width = 0.20
species = setosa
dist = 0.48
id = 28
sepal_length = 5.20
sepal_width = 3.50
petal_length = 1.50
petal_width = 0.20
species = setosa
dist = 1.11
id = 104
sepal_length = 6.30
sepal_width = 2.90
petal_length = 5.60
petal_width = 1.80
species = virginica
dist = 5.21
