08/07/2015 - 08:10:00
SMA0301-Calculo I
09/07/2015 - 08:10:00
SMA0300-Geometria Analitica 
10/07/2015 - 08:10:00
SMA0301-Calculo I
11/07/2015 - 08:10:00
SMA0300-Geometria Analitica 
12/07/2015 - 08:10:00
SMA0301-Calculo I
08/07/2015 - 10:10:00
SMA0334-Fund. para a Mat. do Ensino Superior 
09/07/2015 - 10:10:00
SME0230-Int. a Progr. de Computadores
10/07/2015 - 10:10:00
SMA0334-Fund. para a Mat. do Ensino Superior 
11/07/2015 - 10:10:00
SME0230-Int. a Progr. de Computadores 
12/07/2015 - 10:10:00
SME0230-Int. a Progr. de Computadores
